[2025-03-24 04:01:27] USER[root] PWD[/var/log] CMD[ls] STATUS[SUCCESS]
[2025-03-24 04:01:39] USER[root] PWD[/var/log] CMD[cat commands.log] STATUS[SUCCESS]
[2025-03-24 04:01:51] USER[root] PWD[/var/log] CMD[cat files.log] STATUS[SUCCESS]
[2025-03-24 04:02:02] USER[root] PWD[/var/log] CMD[nmap 10.10.10.10] STATUS[SUCCESS]
[2025-03-24 04:02:15] USER[root] PWD[/var/log] CMD[cat system.log] STATUS[SUCCESS]
[2025-03-24 04:02:27] USER[root] PWD[/var/log] CMD[ls] STATUS[SUCCESS]
[2025-03-24 04:02:37] USER[root] PWD[/var/log] CMD[cat network.log] STATUS[SUCCESS]
[2025-03-24 04:04:16] USER[root] PWD[/var/log] CMD[cd ..] STATUS[SUCCESS]
[2025-03-24 04:04:17] USER[root] PWD[/var] CMD[ cd..] STATUS[FAILED]
[2025-03-24 04:04:20] USER[root] PWD[/var] CMD[cd ..] STATUS[SUCCESS]
[2025-03-24 04:04:21] USER[root] PWD[/] CMD[ls] STATUS[SUCCESS]
[2025-03-24 04:06:11] USER[root] PWD[/] CMD[exit] STATUS[SUCCESS]
[2025-03-24 04:07:50] USER[root] PWD[/home] CMD[nmap 10.10.10.10] STATUS[SUCCESS]
[2025-03-24 04:08:47] USER[root] PWD[/home] CMD[cd ..] STATUS[SUCCESS]
[2025-03-24 04:08:51] USER[root] PWD[/] CMD[help] STATUS[SUCCESS]
[2025-03-24 04:09:03] USER[root] PWD[/] CMD[logs ] STATUS[SUCCESS]
[2025-03-24 04:09:09] USER[root] PWD[/] CMD[logs files.log] STATUS[SUCCESS]
[2025-03-24 04:23:04] USER[root] PWD[/] CMD[help] STATUS[SUCCESS]
[2025-03-24 04:29:12] USER[root] PWD[/] CMD[& c:/Users/Owner/Desktop/programing/games/terrminl_hacking_game/.myenv/Scripts/python.exe c:/Users/Owner/Desktop/programing/games/terrminl_hacking_game/src/main.py] STATUS[FAILED]
[2025-03-24 04:29:15] USER[root] PWD[/] CMD[exit] STATUS[SUCCESS]
[2025-03-24 04:29:21] USER[root] PWD[/home] CMD[ls] STATUS[SUCCESS]
[2025-03-24 04:29:28] USER[root] PWD[/home] CMD[mv cool.txt man.txt] STATUS[SUCCESS]
[2025-03-24 04:31:58] USER[root] PWD[/home] CMD[exit] STATUS[SUCCESS]
[2025-03-24 04:32:09] USER[root] PWD[/home] CMD[ls] STATUS[SUCCESS]
[2025-03-24 04:32:17] USER[root] PWD[/home] CMD[mv cool.txt man.txt] STATUS[SUCCESS]
[2025-03-24 04:32:18] USER[root] PWD[/home] CMD[ls] STATUS[SUCCESS]
[2025-03-24 04:32:23] USER[root] PWD[/home] CMD[cat man.txt] STATUS[SUCCESS]
[2025-03-24 04:32:26] USER[root] PWD[/home] CMD[ls] STATUS[SUCCESS]
[2025-03-24 04:33:00] USER[root] PWD[/home] CMD[mv man.txt user/Desktop/cool.txt] STATUS[SUCCESS]
[2025-03-24 04:33:03] USER[root] PWD[/home] CMD[ls] STATUS[SUCCESS]
[2025-03-24 04:33:07] USER[root] PWD[/home] CMD[cd user Desktop] STATUS[SUCCESS]
[2025-03-24 04:33:12] USER[root] PWD[/home/user] CMD[cd user/Desktop] STATUS[SUCCESS]
[2025-03-24 04:33:18] USER[root] PWD[/home/user] CMD[cd Deskto[] STATUS[SUCCESS]
[2025-03-24 04:33:22] USER[root] PWD[/home/user] CMD[cd Desktop] STATUS[SUCCESS]
[2025-03-24 04:33:32] USER[root] PWD[/home/user/Desktop] CMD[ls] STATUS[SUCCESS]
[2025-03-24 04:33:37] USER[root] PWD[/home/user/Desktop] CMD[cat cool.txt] STATUS[SUCCESS]
[2025-03-24 04:36:07] USER[root] PWD[/home/user/Desktop] CMD[exit] STATUS[SUCCESS]
[2025-03-24 04:36:34] USER[root] PWD[/home] CMD[cd user/Desktop] STATUS[SUCCESS]
[2025-03-24 04:36:35] USER[root] PWD[/home/user/Desktop] CMD[ls] STATUS[SUCCESS]
[2025-03-24 04:36:50] USER[root] PWD[/home/user/Desktop] CMD[mv cool.txt /home/cool.txt] STATUS[SUCCESS]
[2025-03-24 04:36:52] USER[root] PWD[/home/user/Desktop] CMD[ls] STATUS[SUCCESS]
[2025-03-24 04:36:54] USER[root] PWD[/home/user/Desktop] CMD[cd ..] STATUS[SUCCESS]
[2025-03-24 04:36:55] USER[root] PWD[/home/user] CMD[cd ..] STATUS[SUCCESS]
[2025-03-24 04:36:57] USER[root] PWD[/home] CMD[ls] STATUS[SUCCESS]
[2025-03-24 04:39:16] USER[root] PWD[/home] CMD[exit] STATUS[SUCCESS]
[2025-03-24 04:39:21] USER[root] PWD[/home] CMD[reload] STATUS[FAILED]
[2025-03-24 04:39:30] USER[root] PWD[/home] CMD[reload] STATUS[FAILED]
[2025-03-24 04:39:33] USER[root] PWD[/home] CMD[help] STATUS[SUCCESS]
[2025-03-24 04:40:00] USER[root] PWD[/home] CMD[& c:/Users/Owner/Desktop/programing/games/terrminl_hacking_game/.myenv/Scripts/python.exe c:/Users/Owner/Desktop/programing/games/terrminl_hacking_game/src/main.py] STATUS[FAILED]
[2025-03-24 04:40:03] USER[root] PWD[/home] CMD[exit] STATUS[SUCCESS]
[2025-03-24 04:40:08] USER[root] PWD[/home] CMD[reload] STATUS[SUCCESS]
[2025-03-24 04:40:17] USER[root] PWD[/home] CMD[clear] STATUS[SUCCESS]
[2025-03-24 04:43:38] USER[root] PWD[/home] CMD[reload] STATUS[SUCCESS]
[2025-03-24 04:43:45] USER[root] PWD[/home] CMD[reload] STATUS[SUCCESS]
[2025-03-24 04:44:11] USER[root] PWD[/home] CMD[exit] STATUS[SUCCESS]
[2025-03-24 04:44:58] USER[root] PWD[/home] CMD[reload] STATUS[SUCCESS]
[2025-03-24 04:45:28] USER[root] PWD[/home] CMD[grep] STATUS[SUCCESS]
[2025-03-24 04:45:44] USER[root] PWD[/home] CMD[grep ] STATUS[SUCCESS]
[2025-03-24 04:47:21] USER[root] PWD[/home] CMD[reload] STATUS[SUCCESS]
[2025-03-24 04:47:23] USER[root] PWD[/home] CMD[grep] STATUS[SUCCESS]
[2025-03-24 04:47:28] USER[root] PWD[/home] CMD[help grep] STATUS[SUCCESS]
[2025-03-24 04:47:37] USER[root] PWD[/home] CMD[grep -r cool] STATUS[SUCCESS]
[2025-03-24 04:47:52] USER[root] PWD[/home] CMD[ls | grep  cool] STATUS[SUCCESS]
[2025-03-24 04:47:59] USER[root] PWD[/home] CMD[ls  | grep cool] STATUS[SUCCESS]
[2025-03-24 04:51:25] USER[root] PWD[/home] CMD[nano coo.txt] STATUS[SUCCESS]
[2025-03-24 04:57:51] USER[root] PWD[/home] CMD[& c:/Users/Owner/Desktop/programing/games/terrminl_hacking_game/.myenv/Scripts/python.exe c:/Users/Owner/Desktop/programing/games/terrminl_hacking_game/src/commands/grep.py] STATUS[FAILED]
[2025-03-24 04:57:55] USER[root] PWD[/home] CMD[reload] STATUS[SUCCESS]
[2025-03-24 04:58:10] USER[root] PWD[/home] CMD[touch "cool  man.txt"] STATUS[FAILED]
[2025-03-24 04:58:14] USER[root] PWD[/home] CMD[touch] STATUS[FAILED]
[2025-03-24 04:58:27] USER[root] PWD[/home] CMD[help] STATUS[SUCCESS]
[2025-03-24 04:58:31] USER[root] PWD[/home] CMD[reload] STATUS[FAILED]
[2025-03-24 04:58:38] USER[root] PWD[/home] CMD[help] STATUS[SUCCESS]
[2025-03-24 04:58:47] USER[root] PWD[/home] CMD[& c:/Users/Owner/Desktop/programing/games/terrminl_hacking_game/.myenv/Scripts/python.exe c:/Users/Owner/Desktop/programing/games/terrminl_hacking_game/src/main.py] STATUS[FAILED]
[2025-03-24 04:58:50] USER[root] PWD[/home] CMD[exit] STATUS[SUCCESS]
[2025-03-24 04:59:04] USER[root] PWD[/home] CMD[touch "cool cool.txt"] STATUS[SUCCESS]
[2025-03-24 04:59:05] USER[root] PWD[/home] CMD[ls] STATUS[SUCCESS]
[2025-03-24 04:59:14] USER[root] PWD[/home] CMD[cat "cool cool.txt"] STATUS[SUCCESS]
[2025-03-24 04:59:26] USER[root] PWD[/home] CMD[nano "cool cool.txt"] STATUS[SUCCESS]
[2025-03-24 04:59:39] USER[root] PWD[/home] CMD[rm "cool cool.txt"] STATUS[SUCCESS]
[2025-03-24 04:59:40] USER[root] PWD[/home] CMD[ls] STATUS[SUCCESS]
[2025-03-24 04:59:47] USER[root] PWD[/home] CMD[rm coo.txt] STATUS[SUCCESS]
[2025-03-24 04:59:59] USER[root] PWD[/home] CMD[ls | grep cool] STATUS[SUCCESS]
[2025-03-24 05:00:10] USER[root] PWD[/home] CMD[nano cool.txt] STATUS[SUCCESS]
[2025-03-24 05:00:35] USER[root] PWD[/home] CMD[cat cool.txt |grep c] STATUS[SUCCESS]
[2025-03-24 05:00:58] USER[root] PWD[/home] CMD[help | grep rm] STATUS[SUCCESS]
[2025-03-24 05:01:38] USER[root] PWD[/home] CMD[ls] STATUS[SUCCESS]
[2025-03-24 05:01:40] USER[root] PWD[/home] CMD[reload] STATUS[SUCCESS]
[2025-03-24 05:01:53] USER[root] PWD[/home] CMD[touch man.txt] STATUS[FAILED]
[2025-03-24 05:03:51] USER[root] PWD[/home] CMD[eit] STATUS[FAILED]
[2025-03-24 05:03:53] USER[root] PWD[/home] CMD[exit] STATUS[SUCCESS]
[2025-03-24 05:04:05] USER[root] PWD[/home] CMD[help | grep rm] STATUS[SUCCESS]
[2025-03-24 05:04:17] USER[root] PWD[/home] CMD[help grep] STATUS[SUCCESS]
[2025-03-24 05:04:21] USER[root] PWD[/home] CMD[grep] STATUS[SUCCESS]
[2025-03-24 05:04:27] USER[root] PWD[/home] CMD[grep cool] STATUS[SUCCESS]
[2025-03-24 05:04:37] USER[root] PWD[/home] CMD[help grep] STATUS[SUCCESS]
[2025-03-24 05:04:40] USER[root] PWD[/home] CMD[help ls] STATUS[SUCCESS]
[2025-03-24 05:04:43] USER[root] PWD[/home] CMD[help] STATUS[SUCCESS]
[2025-03-24 05:04:51] USER[root] PWD[/home] CMD[help | grep grep] STATUS[SUCCESS]
[2025-03-24 05:05:07] USER[root] PWD[/home] CMD[grep cool cool.txt] STATUS[SUCCESS]
[2025-03-24 05:05:43] USER[root] PWD[/home] CMD[exit] STATUS[SUCCESS]
[2025-03-24 05:05:51] USER[root] PWD[/home] CMD[reload] STATUS[SUCCESS]
[2025-03-24 05:06:00] USER[root] PWD[/home] CMD[ls] STATUS[SUCCESS]
[2025-03-24 05:06:04] USER[root] PWD[/home] CMD[touch cool.txt] STATUS[SUCCESS]
[2025-03-24 05:06:06] USER[root] PWD[/home] CMD[ls] STATUS[SUCCESS]
[2025-03-24 05:06:12] USER[root] PWD[/home] CMD[cat cool.txt] STATUS[SUCCESS]
[2025-03-24 05:07:19] USER[root] PWD[/home] CMD[cool] STATUS[FAILED]
[2025-03-24 05:07:34] USER[root] PWD[/home] CMD["hello world" | grep hello] STATUS[FAILED]
[2025-03-24 05:13:47] USER[root] PWD[/home] CMD[& c:/Users/Owner/Desktop/programing/games/terrminl_hacking_game/.myenv/Scripts/python.exe c:/Users/Owner/Desktop/programing/games/terrminl_hacking_game/tests/run_tests.py] STATUS[FAILED]
[2025-03-24 05:13:55] USER[root] PWD[/home] CMD[exit] STATUS[SUCCESS]
[2025-03-24 05:13:59] USER[root] PWD[/home] CMD[help] STATUS[SUCCESS]
[2025-03-24 05:13:59] USER[root] PWD[/home] CMD[mkdir test_dir] STATUS[SUCCESS]
[2025-03-24 05:13:59] USER[root] PWD[/home] CMD[cd test_dir] STATUS[SUCCESS]
[2025-03-24 05:14:00] USER[root] PWD[/home/test_dir] CMD[cd ..] STATUS[SUCCESS]
[2025-03-24 05:14:00] USER[root] PWD[/home] CMD[ls] STATUS[SUCCESS]
[2025-03-24 05:14:00] USER[root] PWD[/home] CMD[mkdir my_files] STATUS[SUCCESS]
[2025-03-24 05:14:00] USER[root] PWD[/home] CMD[ls] STATUS[SUCCESS]
[2025-03-24 05:14:00] USER[root] PWD[/home] CMD[touch /home/pipe_test.txt] STATUS[SUCCESS]
[2025-03-24 05:14:01] USER[root] PWD[/home] CMD[cat /home/pipe_test.txt | grep apple] STATUS[SUCCESS]
[2025-03-24 05:14:01] USER[root] PWD[/home] CMD[touch /home/test_file.txt] STATUS[SUCCESS]
[2025-03-24 05:14:01] USER[root] PWD[/home] CMD[touch /home/test_file.txt] STATUS[SUCCESS]
[2025-03-24 05:14:01] USER[root] PWD[/home] CMD[mkdir /home/dir1] STATUS[SUCCESS]
[2025-03-24 05:14:01] USER[root] PWD[/home] CMD[mkdir /home/dir2] STATUS[SUCCESS]
[2025-03-24 05:14:01] USER[root] PWD[/home] CMD[touch /home/dir1/test1.txt] STATUS[SUCCESS]
[2025-03-24 05:14:01] USER[root] PWD[/home] CMD[touch /home/dir1/test2.txt] STATUS[SUCCESS]
[2025-03-24 05:14:01] USER[root] PWD[/home] CMD[touch /home/dir2/file.log] STATUS[SUCCESS]
[2025-03-24 05:14:01] USER[root] PWD[/home] CMD[ls -r /home | grep .txt | grep test] STATUS[SUCCESS]
[2025-03-24 05:14:01] USER[root] PWD[/home] CMD[touch /home/test_file.txt] STATUS[SUCCESS]
[2025-03-24 05:14:01] USER[root] PWD[/home] CMD[touch /home/file1.txt] STATUS[SUCCESS]
[2025-03-24 05:14:01] USER[root] PWD[/home] CMD[touch /home/file2.log] STATUS[SUCCESS]
[2025-03-24 05:14:01] USER[root] PWD[/home] CMD[touch /home/document.txt] STATUS[SUCCESS]
[2025-03-24 05:14:01] USER[root] PWD[/home] CMD[ls /home | grep .txt] STATUS[SUCCESS]
[2025-03-24 05:18:11] USER[root] PWD[/home] CMD[help] STATUS[SUCCESS]
[2025-03-24 05:18:11] USER[root] PWD[/home] CMD[mkdir test_dir] STATUS[SUCCESS]
[2025-03-24 05:18:11] USER[root] PWD[/home] CMD[cd test_dir] STATUS[SUCCESS]
[2025-03-24 05:18:11] USER[root] PWD[/home/test_dir] CMD[cd ..] STATUS[SUCCESS]
[2025-03-24 05:18:11] USER[root] PWD[/home] CMD[ls] STATUS[SUCCESS]
[2025-03-24 05:18:11] USER[root] PWD[/home] CMD[mkdir my_files] STATUS[SUCCESS]
[2025-03-24 05:18:11] USER[root] PWD[/home] CMD[ls] STATUS[SUCCESS]
[2025-03-24 05:18:11] USER[root] PWD[/home] CMD[touch /home/pipe_test.txt] STATUS[SUCCESS]
[2025-03-24 05:18:11] USER[root] PWD[/home] CMD[cat /home/pipe_test.txt | grep apple] STATUS[SUCCESS]
[2025-03-24 05:18:12] USER[root] PWD[/home] CMD[touch /home/test_file.txt] STATUS[SUCCESS]
[2025-03-24 05:18:12] USER[root] PWD[/home] CMD[cat /home/test_file.txt | grep test] STATUS[SUCCESS]
[2025-03-24 05:18:12] USER[root] PWD[/home] CMD[touch /home/test_file.txt] STATUS[SUCCESS]
[2025-03-24 05:18:12] USER[root] PWD[/home] CMD[mkdir /home/dir1] STATUS[SUCCESS]
[2025-03-24 05:18:12] USER[root] PWD[/home] CMD[mkdir /home/dir2] STATUS[SUCCESS]
[2025-03-24 05:18:12] USER[root] PWD[/home] CMD[touch /home/dir1/test1.txt] STATUS[SUCCESS]
[2025-03-24 05:18:12] USER[root] PWD[/home] CMD[touch /home/dir1/test2.txt] STATUS[SUCCESS]
[2025-03-24 05:18:12] USER[root] PWD[/home] CMD[touch /home/dir2/file.log] STATUS[SUCCESS]
[2025-03-24 05:18:12] USER[root] PWD[/home] CMD[ls -r /home | grep .txt | grep test] STATUS[SUCCESS]
[2025-03-24 05:18:12] USER[root] PWD[/home] CMD[touch /home/test_file.txt] STATUS[SUCCESS]
[2025-03-24 05:18:12] USER[root] PWD[/home] CMD[touch /home/file1.txt] STATUS[SUCCESS]
[2025-03-24 05:18:12] USER[root] PWD[/home] CMD[touch /home/file2.log] STATUS[SUCCESS]
[2025-03-24 05:18:12] USER[root] PWD[/home] CMD[touch /home/document.txt] STATUS[SUCCESS]
[2025-03-24 05:18:12] USER[root] PWD[/home] CMD[ls /home | grep .txt] STATUS[SUCCESS]
[2025-03-24 05:19:44] USER[root] PWD[/home] CMD[help] STATUS[SUCCESS]
[2025-03-24 05:19:44] USER[root] PWD[/home] CMD[mkdir test_dir] STATUS[SUCCESS]
[2025-03-24 05:19:44] USER[root] PWD[/home] CMD[cd test_dir] STATUS[SUCCESS]
[2025-03-24 05:19:44] USER[root] PWD[/home/test_dir] CMD[cd ..] STATUS[SUCCESS]
[2025-03-24 05:19:44] USER[root] PWD[/home] CMD[ls] STATUS[SUCCESS]
[2025-03-24 05:19:44] USER[root] PWD[/home] CMD[mkdir my_files] STATUS[SUCCESS]
[2025-03-24 05:19:44] USER[root] PWD[/home] CMD[ls] STATUS[SUCCESS]
[2025-03-24 05:19:44] USER[root] PWD[/home] CMD[touch /home/pipe_test.txt] STATUS[SUCCESS]
[2025-03-24 05:19:44] USER[root] PWD[/home] CMD[cat /home/pipe_test.txt | grep apple] STATUS[SUCCESS]
[2025-03-24 05:19:44] USER[root] PWD[/home] CMD[touch /home/test_file.txt] STATUS[SUCCESS]
[2025-03-24 05:19:44] USER[root] PWD[/home] CMD[cat /home/test_file.txt | grep test] STATUS[SUCCESS]
[2025-03-24 05:19:45] USER[root] PWD[/home] CMD[touch /home/test_file.txt] STATUS[SUCCESS]
[2025-03-24 05:19:45] USER[root] PWD[/home] CMD[mkdir /home/dir1] STATUS[SUCCESS]
[2025-03-24 05:19:45] USER[root] PWD[/home] CMD[mkdir /home/dir2] STATUS[SUCCESS]
[2025-03-24 05:19:45] USER[root] PWD[/home] CMD[touch /home/dir1/test1.txt] STATUS[SUCCESS]
[2025-03-24 05:19:45] USER[root] PWD[/home] CMD[touch /home/dir1/test2.txt] STATUS[SUCCESS]
[2025-03-24 05:19:45] USER[root] PWD[/home] CMD[touch /home/dir2/file.log] STATUS[SUCCESS]
[2025-03-24 05:19:45] USER[root] PWD[/home] CMD[ls -r /home | grep .txt | grep test] STATUS[SUCCESS]
[2025-03-24 05:19:46] USER[root] PWD[/home] CMD[touch /home/test_file.txt] STATUS[SUCCESS]
[2025-03-24 05:19:46] USER[root] PWD[/home] CMD[touch /home/file1.txt] STATUS[SUCCESS]
[2025-03-24 05:19:46] USER[root] PWD[/home] CMD[touch /home/file2.log] STATUS[SUCCESS]
[2025-03-24 05:19:46] USER[root] PWD[/home] CMD[touch /home/document.txt] STATUS[SUCCESS]
[2025-03-24 05:19:46] USER[root] PWD[/home] CMD[ls /home | grep .txt] STATUS[SUCCESS]
[2025-03-24 05:35:40] USER[root] PWD[/home] CMD[help ssh] STATUS[SUCCESS]
[2025-03-24 05:35:49] USER[root] PWD[/home] CMD[shh admin@10.10.10.10] STATUS[FAILED]
[2025-03-24 05:36:06] USER[root] PWD[/home] CMD[ssh admin@10.10.10.10] STATUS[SUCCESS]
[2025-03-24 05:36:08] USER[root] PWD[/home] CMD[ssh admin@10.10.10.10] STATUS[FAILED]
[2025-03-24 05:37:02] USER[root] PWD[/home] CMD[ssh admin@10.10.10.10] STATUS[SUCCESS]
[2025-03-24 05:37:04] USER[root] PWD[/home] CMD[ssh admin@10.10.10.10] STATUS[FAILED]
[2025-03-24 05:38:06] USER[root] PWD[/home] CMD[reload] STATUS[SUCCESS]
[2025-03-24 05:38:12] USER[root] PWD[/home] CMD[ssh admin@10.10.10.10] STATUS[SUCCESS]
[2025-03-24 05:38:18] USER[root] PWD[/home] CMD[ls] STATUS[SUCCESS]
[2025-03-24 05:38:28] USER[root] PWD[/home] CMD[cd ..] STATUS[SUCCESS]
[2025-03-24 05:38:32] USER[root] PWD[/] CMD[cd var] STATUS[SUCCESS]
[2025-03-24 05:38:34] USER[root] PWD[/var] CMD[cd logs] STATUS[SUCCESS]
[2025-03-24 05:38:37] USER[root] PWD[/var] CMD[cd log] STATUS[SUCCESS]
[2025-03-24 05:38:39] USER[root] PWD[/var/log] CMD[ls] STATUS[SUCCESS]
[2025-03-24 05:38:54] USER[root] PWD[/var/log] CMD[log system.log] STATUS[FAILED]
[2025-03-24 05:39:08] USER[root] PWD[/var/log] CMD[cat system.log] STATUS[SUCCESS]
[2025-03-24 05:39:25] USER[root] PWD[/var/log] CMD[cd ...] STATUS[SUCCESS]
[2025-03-24 05:39:26] USER[root] PWD[/var/log] CMD[cd ..] STATUS[SUCCESS]
[2025-03-24 05:39:29] USER[root] PWD[/var] CMD[cd ..] STATUS[SUCCESS]
[2025-03-24 05:41:03] USER[root] PWD[/] CMD[reload] STATUS[SUCCESS]
[2025-03-24 05:41:17] USER[root] PWD[/] CMD[ssh admin@10.10.10.10] STATUS[SUCCESS]
[2025-03-24 05:41:48] USER[root] PWD[/] CMD[ssh admin@10.10.10.10] STATUS[SUCCESS]
[2025-03-24 05:43:19] USER[root] PWD[/] CMD[reload] STATUS[SUCCESS]
[2025-03-24 05:43:23] USER[root] PWD[/] CMD[ssh admin@10.10.10.10] STATUS[SUCCESS]
[2025-03-24 05:45:07] USER[root] PWD[/] CMD[reload] STATUS[SUCCESS]
[2025-03-24 05:45:12] USER[root] PWD[/] CMD[ssh admin@10.10.10.10] STATUS[SUCCESS]
[2025-03-24 05:46:13] USER[root] PWD[/bin] CMD[mkdir cool] STATUS[SUCCESS]
[2025-03-24 05:46:16] USER[root] PWD[/bin] CMD[cd cool] STATUS[SUCCESS]
[2025-03-24 05:46:27] USER[root] PWD[/bin/cool] CMD[ssh admin@10.10.10.10] STATUS[SUCCESS]
[2025-03-24 05:50:26] USER[root] PWD[/bin] CMD[reload] STATUS[SUCCESS]
[2025-03-24 05:50:29] USER[root] PWD[/bin] CMD[reload] STATUS[FAILED]
[2025-03-24 05:50:32] USER[root] PWD[/bin] CMD[reload] STATUS[FAILED]
[2025-03-24 05:50:34] USER[root] PWD[/bin] CMD[cd ..] STATUS[FAILED]
[2025-03-24 05:50:36] USER[root] PWD[/bin] CMD[cd..] STATUS[FAILED]
[2025-03-24 05:50:39] USER[root] PWD[/bin] CMD[& c:/Users/Owner/Desktop/programing/games/terrminl_hacking_game/.myenv/Scripts/python.exe c:/Users/Owner/Desktop/programing/games/terrminl_hacking_game/src/main.py] STATUS[FAILED]
[2025-03-24 05:50:44] USER[root] PWD[/bin] CMD[exit] STATUS[SUCCESS]
[2025-03-24 05:50:58] USER[root] PWD[/home] CMD[ssh admin@10.10.10.10] STATUS[SUCCESS]
[2025-03-24 05:51:57] USER[root] PWD[/home] CMD[ssh admin@10.10.10.10] STATUS[SUCCESS]
[2025-03-24 05:54:46] USER[root] PWD[/home] CMD[& c:/Users/Owner/Desktop/programing/games/terrminl_hacking_game/.myenv/Scripts/python.exe c:/Users/Owner/Desktop/programing/games/terrminl_hacking_game/src/commands/ssh.py] STATUS[FAILED]
[2025-03-24 05:54:56] USER[root] PWD[/home] CMD[reload] STATUS[SUCCESS]
[2025-03-24 05:55:05] USER[root] PWD[/home] CMD[ssh admin@10.10.10.10] STATUS[SUCCESS]
[2025-03-24 05:58:42] USER[root] PWD[/home] CMD[ssh admin@10.10.10.10] STATUS[SUCCESS]
[2025-03-24 05:59:08] USER[root] PWD[/home] CMD[reload] STATUS[SUCCESS]
[2025-03-24 05:59:21] USER[root] PWD[/home] CMD[ssh admin@10.10.10.10] STATUS[SUCCESS]
