[2025-03-25 04:00:19] USER[root] PWD[/home] CMD[ssh admin@10.10.10.10] STATUS[SUCCESS]
[2025-03-25 04:09:03] USER[root] PWD[/home] CMD[exit] STATUS[SUCCESS]
[2025-03-25 04:29:39] USER[root] PWD[/home] CMD[exit] STATUS[SUCCESS]
[2025-03-25 04:33:34] USER[root] PWD[/home] CMD[nmap 10.10.10.10] STATUS[SUCCESS]
[2025-03-25 04:42:42] USER[root] PWD[/home] CMD[exit] STATUS[SUCCESS]
[2025-03-25 04:58:44] USER[dan] PWD[/home/dan] CMD[& c:/Users/Owner/Desktop/programing/games/terrminl_hacking_game/.myenv/Scripts/python.exe c:/Users/Owner/Desktop/programing/games/terrminl_hacking_game/src/main.py] STATUS[FAILED]
[2025-03-25 04:58:46] USER[dan] PWD[/home/dan] CMD[exit] STATUS[SUCCESS]
[2025-03-25 04:58:56] USER[root] PWD[/root] CMD[ls] STATUS[SUCCESS]
[2025-03-25 04:58:58] USER[root] PWD[/root] CMD[cd ..] STATUS[SUCCESS]
[2025-03-25 04:58:59] USER[root] PWD[/] CMD[cd ..] STATUS[SUCCESS]
[2025-03-25 04:59:00] USER[root] PWD[/] CMD[ls] STATUS[SUCCESS]
[2025-03-25 04:59:02] USER[root] PWD[/] CMD[cd home] STATUS[SUCCESS]
[2025-03-25 04:59:03] USER[root] PWD[/home] CMD[ls] STATUS[SUCCESS]
[2025-03-25 04:59:10] USER[root] PWD[/home] CMD[rm test_file.txt] STATUS[SUCCESS]
[2025-03-25 05:02:53] USER[root] PWD[/root] CMD[ls] STATUS[SUCCESS]
[2025-03-25 05:02:57] USER[root] PWD[/root] CMD[whoami] STATUS[SUCCESS]
[2025-03-25 05:03:01] USER[root] PWD[/root] CMD[whoami] STATUS[SUCCESS]
[2025-03-25 05:04:48] USER[root] PWD[/root] CMD[help] STATUS[SUCCESS]
[2025-03-25 05:05:11] USER[root] PWD[/root] CMD[nano cool.txt] STATUS[SUCCESS]
[2025-03-25 05:05:40] USER[root] PWD[/root] CMD[exit] STATUS[SUCCESS]
