[2025-03-24 03:59:52] USER[root] FILE[/home/cool.txt] ACTION[EDIT]
[2025-03-24 04:01:26] USER[root] FILE[/var/log/commands.log] ACTION[DELETE]
[2025-03-24 04:32:17] USER[root] FILE[/home/cool.txt -> /home/man.txt] ACTION[MOVE]
[2025-03-24 04:33:00] USER[root] FILE[/home/man.txt -> /home/user/Desktop/cool.txt] ACTION[MOVE]
[2025-03-24 04:36:50] USER[root] FILE[/home/user/Desktop/cool.txt -> /home/cool.txt] ACTION[MOVE]
[2025-03-24 04:51:30] USER[root] FILE[/home/coo.txt] ACTION[EDIT]
[2025-03-24 04:59:29] USER[root] FILE[/home/cool cool.txt] ACTION[EDIT]
[2025-03-24 04:59:39] USER[root] FILE[/home/cool cool.txt] ACTION[DELETE]
[2025-03-24 04:59:47] USER[root] FILE[/home/coo.txt] ACTION[DELETE]
[2025-03-24 05:00:25] USER[root] FILE[/home/cool.txt] ACTION[EDIT]
[2025-03-24 05:13:59] USER[root] FILE[/home/test_directory] ACTION[CREATE_DIRECTORY]
[2025-03-24 05:13:59] USER[root] FILE[/home/test_dir] ACTION[CREATE_DIRECTORY]
[2025-03-24 05:13:59] USER[root] FILE[/home/test_file.txt -> /home/test_dir/test_file.txt] ACTION[MOVE]
[2025-03-24 05:13:59] USER[root] FILE[/home/original.txt -> /home/renamed.txt] ACTION[MOVE]
[2025-03-24 05:13:59] USER[root] FILE[/home/test_dir] ACTION[CREATE_DIRECTORY]
[2025-03-24 05:14:00] USER[root] FILE[/home/my_files] ACTION[CREATE_DIRECTORY]
[2025-03-24 05:14:01] USER[root] FILE[/home/dir1] ACTION[CREATE_DIRECTORY]
[2025-03-24 05:14:01] USER[root] FILE[/home/dir2] ACTION[CREATE_DIRECTORY]
[2025-03-24 05:18:11] USER[root] FILE[/home/test_directory] ACTION[CREATE_DIRECTORY]
[2025-03-24 05:18:11] USER[root] FILE[/home/test_dir] ACTION[CREATE_DIRECTORY]
[2025-03-24 05:18:11] USER[root] FILE[/home/test_file.txt -> /home/test_dir/test_file.txt] ACTION[MOVE]
[2025-03-24 05:18:11] USER[root] FILE[/home/original.txt -> /home/renamed.txt] ACTION[MOVE]
[2025-03-24 05:18:11] USER[root] FILE[/home/test_dir] ACTION[CREATE_DIRECTORY]
[2025-03-24 05:18:11] USER[root] FILE[/home/my_files] ACTION[CREATE_DIRECTORY]
[2025-03-24 05:18:12] USER[root] FILE[/home/dir1] ACTION[CREATE_DIRECTORY]
[2025-03-24 05:18:12] USER[root] FILE[/home/dir2] ACTION[CREATE_DIRECTORY]
[2025-03-24 05:19:43] USER[root] FILE[/home/test_directory] ACTION[CREATE_DIRECTORY]
[2025-03-24 05:19:44] USER[root] FILE[/home/test_dir] ACTION[CREATE_DIRECTORY]
[2025-03-24 05:19:44] USER[root] FILE[/home/test_file.txt -> /home/test_dir/test_file.txt] ACTION[MOVE]
[2025-03-24 05:19:44] USER[root] FILE[/home/original.txt -> /home/renamed.txt] ACTION[MOVE]
[2025-03-24 05:19:44] USER[root] FILE[/home/test_dir] ACTION[CREATE_DIRECTORY]
[2025-03-24 05:19:44] USER[root] FILE[/home/my_files] ACTION[CREATE_DIRECTORY]
[2025-03-24 05:19:45] USER[root] FILE[/home/dir1] ACTION[CREATE_DIRECTORY]
[2025-03-24 05:19:45] USER[root] FILE[/home/dir2] ACTION[CREATE_DIRECTORY]
[2025-03-24 05:46:13] USER[root] FILE[/bin/cool] ACTION[CREATE_DIRECTORY]
