[2025-03-25 06:06:56] USER[system] FILE[/root/Desktop/cool.txt -> /root/Desktop/man.txt] ACTION[MOVE]
[2025-03-25 06:07:12] USER[system] FILE[/root/Desktop/man.txt -> /root/man.txt] ACTION[MOVE]
[2025-03-25 06:09:35] USER[system] FILE[/home/original.txt -> /home/renamed.txt] ACTION[MOVE]
[2025-03-25 06:09:38] USER[system] FILE[/home/original.txt -> /home/renamed.txt] ACTION[MOVE]
[2025-03-25 06:09:38] USER[system] FILE[/home/file_to_remove.txt] ACTION[DELETE]
[2025-03-25 06:14:06] USER[system] FILE[/root/.cool] ACTION[CREATE_DIRECTORY]
[2025-03-25 06:14:47] USER[system] FILE[/root/.cool] ACTION[DELETE]
[2025-03-25 06:15:35] USER[system] FILE[/home/test_directory] ACTION[CREATE_DIRECTORY]
[2025-03-25 06:15:35] USER[system] FILE[/home/test_dir] ACTION[CREATE_DIRECTORY]
[2025-03-25 06:15:35] USER[system] FILE[/home/original.txt -> /home/renamed.txt] ACTION[MOVE]
[2025-03-25 06:15:35] USER[system] FILE[/home/test_dir] ACTION[CREATE_DIRECTORY]
[2025-03-25 06:15:35] USER[system] FILE[/home/my_files] ACTION[CREATE_DIRECTORY]
[2025-03-25 06:15:36] USER[system] FILE[/home/test_dir/subdir] ACTION[CREATE_DIRECTORY]
[2025-03-25 06:15:36] USER[system] FILE[/home/new_dir] ACTION[CREATE_DIRECTORY]
[2025-03-25 06:15:36] USER[system] FILE[/home/existing_dir] ACTION[CREATE_DIRECTORY]
[2025-03-25 06:15:36] USER[system] FILE[/home/parent_dir] ACTION[CREATE_DIRECTORY]
[2025-03-25 06:15:36] USER[system] FILE[/home/parent_dir/child_dir] ACTION[CREATE_DIRECTORY]
[2025-03-25 06:15:36] USER[system] FILE[/home/dir_to_move] ACTION[CREATE_DIRECTORY]
[2025-03-25 06:15:36] USER[system] FILE[/home/target_parent] ACTION[CREATE_DIRECTORY]
[2025-03-25 06:15:36] USER[system] FILE[/home/dir_to_move -> /home/target_parent/dir_to_move] ACTION[MOVE]
[2025-03-25 06:15:36] USER[system] FILE[/home/target_dir] ACTION[CREATE_DIRECTORY]
[2025-03-25 06:15:36] USER[system] FILE[/home/dir_to_remove] ACTION[CREATE_DIRECTORY]
[2025-03-25 06:15:36] USER[system] FILE[/home/dir_to_remove] ACTION[DELETE]
[2025-03-25 06:15:57] USER[system] FILE[/home/test_directory] ACTION[CREATE_DIRECTORY]
[2025-03-25 06:15:57] USER[system] FILE[/home/test_file.txt -> /home/test_dir/test_file.txt] ACTION[MOVE]
[2025-03-25 06:15:57] USER[system] FILE[/home/original.txt -> /home/renamed.txt] ACTION[MOVE]
[2025-03-25 06:15:58] USER[system] FILE[/home/test_dir/subdir] ACTION[CREATE_DIRECTORY]
[2025-03-25 06:15:58] USER[system] FILE[/home/new_dir] ACTION[CREATE_DIRECTORY]
[2025-03-25 06:15:58] USER[system] FILE[/home/existing_dir] ACTION[CREATE_DIRECTORY]
[2025-03-25 06:15:58] USER[system] FILE[/home/parent_dir] ACTION[CREATE_DIRECTORY]
[2025-03-25 06:15:58] USER[system] FILE[/home/parent_dir/child_dir] ACTION[CREATE_DIRECTORY]
[2025-03-25 06:15:58] USER[system] FILE[/home/dir_to_move] ACTION[CREATE_DIRECTORY]
[2025-03-25 06:15:58] USER[system] FILE[/home/target_parent] ACTION[CREATE_DIRECTORY]
[2025-03-25 06:15:58] USER[system] FILE[/home/dir_to_move -> /home/target_parent/dir_to_move] ACTION[MOVE]
[2025-03-25 06:15:58] USER[system] FILE[/home/target_dir] ACTION[CREATE_DIRECTORY]
[2025-03-25 06:15:58] USER[system] FILE[/home/file_to_move.txt -> /home/target_dir/file_to_move.txt] ACTION[MOVE]
[2025-03-25 06:15:58] USER[system] FILE[/home/original.txt -> /home/renamed.txt] ACTION[MOVE]
[2025-03-25 06:15:58] USER[system] FILE[/home/file_to_remove.txt] ACTION[DELETE]
[2025-03-25 06:15:59] USER[system] FILE[/home/dir_to_remove] ACTION[CREATE_DIRECTORY]
[2025-03-25 06:15:59] USER[system] FILE[/home/dir_to_remove] ACTION[DELETE]
[2025-03-25 06:24:21] USER[system] FILE[/root/cool.txt] ACTION[DELETE]
[2025-03-25 06:26:19] USER[system] FILE[/root/cool.txt] ACTION[DELETE]
[2025-03-25 06:50:47] USER[system] FILE[/home/test_directory] ACTION[CREATE_DIRECTORY]
[2025-03-25 06:50:47] USER[system] FILE[/home/test_file.txt -> /home/test_dir/test_file.txt] ACTION[MOVE]
[2025-03-25 06:50:47] USER[system] FILE[/home/original.txt -> /home/renamed.txt] ACTION[MOVE]
[2025-03-25 06:50:48] USER[system] FILE[/home/dir1] ACTION[CREATE_DIRECTORY]
[2025-03-25 06:50:48] USER[system] FILE[/home/dir2] ACTION[CREATE_DIRECTORY]
[2025-03-25 06:50:49] USER[system] FILE[/home/test_dir/subdir] ACTION[CREATE_DIRECTORY]
[2025-03-25 06:50:49] USER[system] FILE[/home/new_dir] ACTION[CREATE_DIRECTORY]
[2025-03-25 06:50:49] USER[system] FILE[/home/existing_dir] ACTION[CREATE_DIRECTORY]
[2025-03-25 06:50:49] USER[system] FILE[/home/parent_dir] ACTION[CREATE_DIRECTORY]
[2025-03-25 06:50:49] USER[system] FILE[/home/parent_dir/child_dir] ACTION[CREATE_DIRECTORY]
[2025-03-25 06:50:49] USER[system] FILE[/home/dir_to_move] ACTION[CREATE_DIRECTORY]
[2025-03-25 06:50:49] USER[system] FILE[/home/target_parent] ACTION[CREATE_DIRECTORY]
[2025-03-25 06:50:49] USER[system] FILE[/home/dir_to_move -> /home/target_parent/dir_to_move] ACTION[MOVE]
[2025-03-25 06:50:49] USER[system] FILE[/home/target_dir] ACTION[CREATE_DIRECTORY]
[2025-03-25 06:50:50] USER[system] FILE[/home/file_to_move.txt -> /home/target_dir/file_to_move.txt] ACTION[MOVE]
[2025-03-25 06:50:50] USER[system] FILE[/home/original.txt -> /home/renamed.txt] ACTION[MOVE]
[2025-03-25 06:50:50] USER[system] FILE[/home/dir_to_remove] ACTION[CREATE_DIRECTORY]
[2025-03-25 07:01:30] USER[system] FILE[/root/cool.txt -> /root/Desktop/man.txt] ACTION[MOVE]
[2025-03-25 07:07:30] USER[system] FILE[/root/cool.txt] ACTION[EDIT]
[2025-03-25 07:07:50] USER[system] FILE[/root/cool.txt -> /root/Desktop/man.txt] ACTION[MOVE]
[2025-03-25 07:08:17] USER[system] FILE[/home/test_directory] ACTION[CREATE_DIRECTORY]
[2025-03-25 07:08:17] USER[system] FILE[/home/test_file.txt -> /home/test_dir/test_file.txt] ACTION[MOVE]
[2025-03-25 07:08:17] USER[system] FILE[/home/original.txt -> /home/renamed.txt] ACTION[MOVE]
[2025-03-25 07:08:17] USER[system] FILE[/home/dir1] ACTION[CREATE_DIRECTORY]
[2025-03-25 07:08:17] USER[system] FILE[/home/dir2] ACTION[CREATE_DIRECTORY]
[2025-03-25 07:08:18] USER[system] FILE[/home/test_dir/subdir] ACTION[CREATE_DIRECTORY]
[2025-03-25 07:08:18] USER[system] FILE[/home/new_dir] ACTION[CREATE_DIRECTORY]
[2025-03-25 07:08:18] USER[system] FILE[/home/existing_dir] ACTION[CREATE_DIRECTORY]
[2025-03-25 07:08:18] USER[system] FILE[/home/parent_dir] ACTION[CREATE_DIRECTORY]
[2025-03-25 07:08:18] USER[system] FILE[/home/parent_dir/child_dir] ACTION[CREATE_DIRECTORY]
[2025-03-25 07:08:19] USER[system] FILE[/home/dir_to_move] ACTION[CREATE_DIRECTORY]
[2025-03-25 07:08:19] USER[system] FILE[/home/target_parent] ACTION[CREATE_DIRECTORY]
[2025-03-25 07:08:19] USER[system] FILE[/home/dir_to_move -> /home/target_parent/dir_to_move] ACTION[MOVE]
[2025-03-25 07:08:19] USER[system] FILE[/home/target_dir] ACTION[CREATE_DIRECTORY]
[2025-03-25 07:08:19] USER[system] FILE[/home/file_to_move.txt -> /home/target_dir/file_to_move.txt] ACTION[MOVE]
[2025-03-25 07:08:19] USER[system] FILE[/home/original.txt -> /home/renamed.txt] ACTION[MOVE]
[2025-03-25 07:08:19] USER[system] FILE[/home/dir_to_remove] ACTION[CREATE_DIRECTORY]
[2025-03-25 07:12:37] USER[system] FILE[/home/test_directory] ACTION[CREATE_DIRECTORY]
[2025-03-25 07:12:37] USER[system] FILE[/home/test_file.txt -> /home/test_dir/test_file.txt] ACTION[MOVE]
[2025-03-25 07:12:37] USER[system] FILE[/home/original.txt -> /home/renamed.txt] ACTION[MOVE]
[2025-03-25 07:12:38] USER[system] FILE[/home/dir1] ACTION[CREATE_DIRECTORY]
[2025-03-25 07:12:38] USER[system] FILE[/home/dir2] ACTION[CREATE_DIRECTORY]
[2025-03-25 07:12:40] USER[system] FILE[/home/test_dir/subdir] ACTION[CREATE_DIRECTORY]
[2025-03-25 07:12:40] USER[system] FILE[/home/new_dir] ACTION[CREATE_DIRECTORY]
[2025-03-25 07:12:40] USER[system] FILE[/home/existing_dir] ACTION[CREATE_DIRECTORY]
[2025-03-25 07:12:40] USER[system] FILE[/home/parent_dir] ACTION[CREATE_DIRECTORY]
[2025-03-25 07:12:40] USER[system] FILE[/home/parent_dir/child_dir] ACTION[CREATE_DIRECTORY]
[2025-03-25 07:12:40] USER[system] FILE[/home/dir_to_move] ACTION[CREATE_DIRECTORY]
[2025-03-25 07:12:40] USER[system] FILE[/home/target_parent] ACTION[CREATE_DIRECTORY]
[2025-03-25 07:12:40] USER[system] FILE[/home/dir_to_move -> /home/target_parent/dir_to_move] ACTION[MOVE]
[2025-03-25 07:12:40] USER[system] FILE[/home/target_dir] ACTION[CREATE_DIRECTORY]
[2025-03-25 07:12:40] USER[system] FILE[/home/file_to_move.txt -> /home/target_dir/file_to_move.txt] ACTION[MOVE]
[2025-03-25 07:12:40] USER[system] FILE[/home/original.txt -> /home/renamed.txt] ACTION[MOVE]
[2025-03-25 07:12:41] USER[system] FILE[/home/dir_to_remove] ACTION[CREATE_DIRECTORY]
[2025-03-25 07:16:17] USER[system] FILE[/home/test_directory] ACTION[CREATE_DIRECTORY]
[2025-03-25 07:16:17] USER[system] FILE[/home/test_file.txt -> /home/test_dir/test_file.txt] ACTION[MOVE]
[2025-03-25 07:16:17] USER[system] FILE[/home/original.txt -> /home/renamed.txt] ACTION[MOVE]
[2025-03-25 07:16:17] USER[system] FILE[/home/dir1] ACTION[CREATE_DIRECTORY]
[2025-03-25 07:16:17] USER[system] FILE[/home/dir2] ACTION[CREATE_DIRECTORY]
[2025-03-25 07:16:19] USER[system] FILE[/home/test_dir/subdir] ACTION[CREATE_DIRECTORY]
[2025-03-25 07:16:19] USER[system] FILE[/home/new_dir] ACTION[CREATE_DIRECTORY]
[2025-03-25 07:16:19] USER[system] FILE[/home/existing_dir] ACTION[CREATE_DIRECTORY]
[2025-03-25 07:16:19] USER[system] FILE[/home/parent_dir] ACTION[CREATE_DIRECTORY]
[2025-03-25 07:16:19] USER[system] FILE[/home/parent_dir/child_dir] ACTION[CREATE_DIRECTORY]
[2025-03-25 07:16:19] USER[system] FILE[/home/dir_to_move] ACTION[CREATE_DIRECTORY]
[2025-03-25 07:16:19] USER[system] FILE[/home/target_parent] ACTION[CREATE_DIRECTORY]
[2025-03-25 07:16:19] USER[system] FILE[/home/dir_to_move -> /home/target_parent/dir_to_move] ACTION[MOVE]
[2025-03-25 07:16:19] USER[system] FILE[/home/target_dir] ACTION[CREATE_DIRECTORY]
[2025-03-25 07:16:19] USER[system] FILE[/home/file_to_move.txt -> /home/target_dir/file_to_move.txt] ACTION[MOVE]
[2025-03-25 07:16:20] USER[system] FILE[/home/original.txt -> /home/renamed.txt] ACTION[MOVE]
[2025-03-25 07:16:20] USER[system] FILE[/home/dir_to_remove] ACTION[CREATE_DIRECTORY]
[2025-03-25 07:18:28] USER[system] FILE[/home/test_directory] ACTION[CREATE_DIRECTORY]
[2025-03-25 07:18:28] USER[system] FILE[/home/test_file.txt -> /home/test_dir/test_file.txt] ACTION[MOVE]
[2025-03-25 07:18:28] USER[system] FILE[/home/original.txt -> /home/renamed.txt] ACTION[MOVE]
[2025-03-25 07:18:28] USER[system] FILE[/home/dir1] ACTION[CREATE_DIRECTORY]
[2025-03-25 07:18:28] USER[system] FILE[/home/dir2] ACTION[CREATE_DIRECTORY]
[2025-03-25 07:18:30] USER[system] FILE[/home/test_dir/subdir] ACTION[CREATE_DIRECTORY]
[2025-03-25 07:18:30] USER[system] FILE[/home/new_dir] ACTION[CREATE_DIRECTORY]
[2025-03-25 07:18:30] USER[system] FILE[/home/existing_dir] ACTION[CREATE_DIRECTORY]
[2025-03-25 07:18:30] USER[system] FILE[/home/parent_dir] ACTION[CREATE_DIRECTORY]
[2025-03-25 07:18:30] USER[system] FILE[/home/parent_dir/child_dir] ACTION[CREATE_DIRECTORY]
[2025-03-25 07:18:30] USER[system] FILE[/home/dir_to_move] ACTION[CREATE_DIRECTORY]
[2025-03-25 07:18:30] USER[system] FILE[/home/target_parent] ACTION[CREATE_DIRECTORY]
[2025-03-25 07:18:30] USER[system] FILE[/home/dir_to_move -> /home/target_parent/dir_to_move] ACTION[MOVE]
[2025-03-25 07:18:30] USER[system] FILE[/home/target_dir] ACTION[CREATE_DIRECTORY]
[2025-03-25 07:18:30] USER[system] FILE[/home/file_to_move.txt -> /home/target_dir/file_to_move.txt] ACTION[MOVE]
[2025-03-25 07:18:31] USER[system] FILE[/home/original.txt -> /home/renamed.txt] ACTION[MOVE]
[2025-03-25 07:18:31] USER[system] FILE[/home/dir_to_remove] ACTION[CREATE_DIRECTORY]
[2025-03-25 07:22:32] USER[system] FILE[/home/test_directory] ACTION[CREATE_DIRECTORY]
[2025-03-25 07:22:32] USER[system] FILE[/home/test_file.txt -> /home/test_dir/test_file.txt] ACTION[MOVE]
[2025-03-25 07:22:32] USER[system] FILE[/home/original.txt -> /home/renamed.txt] ACTION[MOVE]
[2025-03-25 07:22:33] USER[system] FILE[/home/dir1] ACTION[CREATE_DIRECTORY]
[2025-03-25 07:22:33] USER[system] FILE[/home/dir2] ACTION[CREATE_DIRECTORY]
[2025-03-25 07:22:35] USER[system] FILE[/home/test_dir/subdir] ACTION[CREATE_DIRECTORY]
[2025-03-25 07:22:35] USER[system] FILE[/home/new_dir] ACTION[CREATE_DIRECTORY]
[2025-03-25 07:22:35] USER[system] FILE[/home/existing_dir] ACTION[CREATE_DIRECTORY]
[2025-03-25 07:22:35] USER[system] FILE[/home/parent_dir] ACTION[CREATE_DIRECTORY]
[2025-03-25 07:22:35] USER[system] FILE[/home/parent_dir/child_dir] ACTION[CREATE_DIRECTORY]
[2025-03-25 07:22:35] USER[system] FILE[/home/dir_to_move] ACTION[CREATE_DIRECTORY]
[2025-03-25 07:22:35] USER[system] FILE[/home/target_parent] ACTION[CREATE_DIRECTORY]
[2025-03-25 07:22:35] USER[system] FILE[/home/dir_to_move -> /home/target_parent/dir_to_move] ACTION[MOVE]
[2025-03-25 07:22:35] USER[system] FILE[/home/target_dir] ACTION[CREATE_DIRECTORY]
[2025-03-25 07:22:35] USER[system] FILE[/home/file_to_move.txt -> /home/target_dir/file_to_move.txt] ACTION[MOVE]
[2025-03-25 07:22:35] USER[system] FILE[/home/original.txt -> /home/renamed.txt] ACTION[MOVE]
[2025-03-25 07:22:35] USER[system] FILE[/home/dir_to_remove] ACTION[CREATE_DIRECTORY]
[2025-03-25 07:24:11] USER[system] FILE[/home/dir1] ACTION[CREATE_DIRECTORY]
[2025-03-25 07:24:11] USER[system] FILE[/home/dir2] ACTION[CREATE_DIRECTORY]
[2025-03-25 07:34:58] USER[system] FILE[/home/test_directory] ACTION[CREATE_DIRECTORY]
[2025-03-25 07:34:58] USER[system] FILE[/home/test_dir] ACTION[CREATE_DIRECTORY]
[2025-03-25 07:34:58] USER[system] FILE[/home/test_file.txt -> /home/test_dir/test_file.txt] ACTION[MOVE]
[2025-03-25 07:34:58] USER[system] FILE[/home/original.txt -> /home/renamed.txt] ACTION[MOVE]
[2025-03-25 07:34:59] USER[system] FILE[/home/test_dir] ACTION[CREATE_DIRECTORY]
[2025-03-25 07:34:59] USER[system] FILE[/home/my_files] ACTION[CREATE_DIRECTORY]
[2025-03-25 07:34:59] USER[system] FILE[/home/dir1] ACTION[CREATE_DIRECTORY]
[2025-03-25 07:34:59] USER[system] FILE[/home/dir2] ACTION[CREATE_DIRECTORY]
[2025-03-25 07:34:59] USER[system] FILE[/home/test_dir] ACTION[CREATE_DIRECTORY]
[2025-03-25 07:34:59] USER[system] FILE[/home/test_dir] ACTION[CREATE_DIRECTORY]
[2025-03-25 07:35:00] USER[system] FILE[/home/test_dir] ACTION[CREATE_DIRECTORY]
[2025-03-25 07:35:00] USER[system] FILE[/home/test_dir/subdir] ACTION[CREATE_DIRECTORY]
[2025-03-25 07:35:00] USER[system] FILE[/home/new_dir] ACTION[CREATE_DIRECTORY]
[2025-03-25 07:35:00] USER[system] FILE[/home/existing_dir] ACTION[CREATE_DIRECTORY]
[2025-03-25 07:35:00] USER[system] FILE[/home/parent_dir] ACTION[CREATE_DIRECTORY]
[2025-03-25 07:35:00] USER[system] FILE[/home/parent_dir/child_dir] ACTION[CREATE_DIRECTORY]
[2025-03-25 07:35:00] USER[system] FILE[/home/dir_to_move] ACTION[CREATE_DIRECTORY]
[2025-03-25 07:35:00] USER[system] FILE[/home/target_parent] ACTION[CREATE_DIRECTORY]
[2025-03-25 07:35:00] USER[system] FILE[/home/dir_to_move -> /home/target_parent/dir_to_move] ACTION[MOVE]
[2025-03-25 07:35:00] USER[system] FILE[/home/target_dir] ACTION[CREATE_DIRECTORY]
[2025-03-25 07:35:00] USER[system] FILE[/home/file_to_move.txt -> /home/target_dir/file_to_move.txt] ACTION[MOVE]
[2025-03-25 07:35:01] USER[system] FILE[/home/original.txt -> /home/renamed.txt] ACTION[MOVE]
[2025-03-25 07:35:01] USER[system] FILE[/home/dir_to_remove] ACTION[CREATE_DIRECTORY]
[2025-03-25 07:35:01] USER[system] FILE[/home/test_dir] ACTION[CREATE_DIRECTORY]
[2025-03-25 07:37:33] USER[system] FILE[/home/test_directory] ACTION[CREATE_DIRECTORY]
[2025-03-25 07:37:33] USER[system] FILE[/home/test_dir] ACTION[CREATE_DIRECTORY]
[2025-03-25 07:37:33] USER[system] FILE[/home/test_file.txt -> /home/test_dir/test_file.txt] ACTION[MOVE]
[2025-03-25 07:37:33] USER[system] FILE[/home/original.txt -> /home/renamed.txt] ACTION[MOVE]
[2025-03-25 07:37:34] USER[system] FILE[/home/test_dir] ACTION[CREATE_DIRECTORY]
[2025-03-25 07:37:34] USER[system] FILE[/home/my_files] ACTION[CREATE_DIRECTORY]
[2025-03-25 07:37:34] USER[system] FILE[/home/dir1] ACTION[CREATE_DIRECTORY]
[2025-03-25 07:37:34] USER[system] FILE[/home/dir2] ACTION[CREATE_DIRECTORY]
[2025-03-25 07:37:34] USER[system] FILE[/home/test_dir] ACTION[CREATE_DIRECTORY]
[2025-03-25 07:37:34] USER[system] FILE[/home/test_dir] ACTION[CREATE_DIRECTORY]
[2025-03-25 07:37:35] USER[system] FILE[/home/test_dir] ACTION[CREATE_DIRECTORY]
[2025-03-25 07:37:35] USER[system] FILE[/home/test_dir/subdir] ACTION[CREATE_DIRECTORY]
[2025-03-25 07:37:35] USER[system] FILE[/home/new_dir] ACTION[CREATE_DIRECTORY]
[2025-03-25 07:37:35] USER[system] FILE[/home/existing_dir] ACTION[CREATE_DIRECTORY]
[2025-03-25 07:37:35] USER[system] FILE[/home/parent_dir] ACTION[CREATE_DIRECTORY]
[2025-03-25 07:37:35] USER[system] FILE[/home/parent_dir/child_dir] ACTION[CREATE_DIRECTORY]
[2025-03-25 07:37:35] USER[system] FILE[/home/dir_to_move] ACTION[CREATE_DIRECTORY]
[2025-03-25 07:37:35] USER[system] FILE[/home/target_parent] ACTION[CREATE_DIRECTORY]
[2025-03-25 07:37:35] USER[system] FILE[/home/dir_to_move -> /home/target_parent/dir_to_move] ACTION[MOVE]
[2025-03-25 07:37:35] USER[system] FILE[/home/target_dir] ACTION[CREATE_DIRECTORY]
[2025-03-25 07:37:35] USER[system] FILE[/home/file_to_move.txt -> /home/target_dir/file_to_move.txt] ACTION[MOVE]
[2025-03-25 07:37:35] USER[system] FILE[/home/original.txt -> /home/renamed.txt] ACTION[MOVE]
[2025-03-25 07:37:35] USER[system] FILE[/home/dir_to_remove] ACTION[CREATE_DIRECTORY]
[2025-03-25 07:37:35] USER[system] FILE[/home/test_dir] ACTION[CREATE_DIRECTORY]
[2025-03-25 07:41:04] USER[system] FILE[/home/test_directory] ACTION[CREATE_DIRECTORY]
[2025-03-25 07:41:04] USER[system] FILE[/home/test_dir] ACTION[CREATE_DIRECTORY]
[2025-03-25 07:41:04] USER[system] FILE[/home/test_file.txt -> /home/test_dir/test_file.txt] ACTION[MOVE]
[2025-03-25 07:41:04] USER[system] FILE[/home/original.txt -> /home/renamed.txt] ACTION[MOVE]
[2025-03-25 07:41:05] USER[system] FILE[/home/test_dir] ACTION[CREATE_DIRECTORY]
[2025-03-25 07:41:05] USER[system] FILE[/home/my_files] ACTION[CREATE_DIRECTORY]
[2025-03-25 07:41:05] USER[system] FILE[/home/dir1] ACTION[CREATE_DIRECTORY]
[2025-03-25 07:41:05] USER[system] FILE[/home/dir2] ACTION[CREATE_DIRECTORY]
[2025-03-25 07:41:07] USER[system] FILE[/home/test_dir] ACTION[CREATE_DIRECTORY]
[2025-03-25 07:41:08] USER[system] FILE[/home/test_dir] ACTION[CREATE_DIRECTORY]
[2025-03-25 07:41:09] USER[system] FILE[/home/test_dir] ACTION[CREATE_DIRECTORY]
[2025-03-25 07:41:09] USER[system] FILE[/home/test_dir/subdir] ACTION[CREATE_DIRECTORY]
[2025-03-25 07:41:10] USER[system] FILE[/home/new_dir] ACTION[CREATE_DIRECTORY]
[2025-03-25 07:41:11] USER[system] FILE[/home/existing_dir] ACTION[CREATE_DIRECTORY]
[2025-03-25 07:41:11] USER[system] FILE[/home/parent_dir] ACTION[CREATE_DIRECTORY]
[2025-03-25 07:41:11] USER[system] FILE[/home/parent_dir/child_dir] ACTION[CREATE_DIRECTORY]
[2025-03-25 07:41:11] USER[system] FILE[/home/dir_to_move] ACTION[CREATE_DIRECTORY]
[2025-03-25 07:41:11] USER[system] FILE[/home/target_parent] ACTION[CREATE_DIRECTORY]
[2025-03-25 07:41:11] USER[system] FILE[/home/dir_to_move -> /home/target_parent/dir_to_move] ACTION[MOVE]
[2025-03-25 07:41:12] USER[system] FILE[/home/target_dir] ACTION[CREATE_DIRECTORY]
[2025-03-25 07:41:12] USER[system] FILE[/home/file_to_move.txt -> /home/target_dir/file_to_move.txt] ACTION[MOVE]
[2025-03-25 07:41:12] USER[system] FILE[/home/original.txt -> /home/renamed.txt] ACTION[MOVE]
[2025-03-25 07:41:12] USER[system] FILE[/home/dir_to_remove] ACTION[CREATE_DIRECTORY]
[2025-03-25 07:41:13] USER[system] FILE[/home/test_dir] ACTION[CREATE_DIRECTORY]
[2025-03-25 07:42:59] USER[system] FILE[/home/test_directory] ACTION[CREATE_DIRECTORY]
[2025-03-25 07:42:59] USER[system] FILE[/home/test_dir] ACTION[CREATE_DIRECTORY]
[2025-03-25 07:42:59] USER[system] FILE[/home/test_file.txt -> /home/test_dir/test_file.txt] ACTION[MOVE]
[2025-03-25 07:42:59] USER[system] FILE[/home/original.txt -> /home/renamed.txt] ACTION[MOVE]
[2025-03-25 07:42:59] USER[system] FILE[/home/test_dir] ACTION[CREATE_DIRECTORY]
[2025-03-25 07:42:59] USER[system] FILE[/home/my_files] ACTION[CREATE_DIRECTORY]
[2025-03-25 07:43:00] USER[system] FILE[/home/dir1] ACTION[CREATE_DIRECTORY]
[2025-03-25 07:43:00] USER[system] FILE[/home/dir2] ACTION[CREATE_DIRECTORY]
[2025-03-25 07:43:01] USER[system] FILE[/home/test_dir] ACTION[CREATE_DIRECTORY]
[2025-03-25 07:43:01] USER[system] FILE[/home/test_dir] ACTION[CREATE_DIRECTORY]
[2025-03-25 07:43:02] USER[system] FILE[/home/test_dir] ACTION[CREATE_DIRECTORY]
[2025-03-25 07:43:02] USER[system] FILE[/home/test_dir/subdir] ACTION[CREATE_DIRECTORY]
[2025-03-25 07:43:02] USER[system] FILE[/home/new_dir] ACTION[CREATE_DIRECTORY]
[2025-03-25 07:43:02] USER[system] FILE[/home/existing_dir] ACTION[CREATE_DIRECTORY]
[2025-03-25 07:43:03] USER[system] FILE[/home/parent_dir] ACTION[CREATE_DIRECTORY]
[2025-03-25 07:43:03] USER[system] FILE[/home/parent_dir/child_dir] ACTION[CREATE_DIRECTORY]
[2025-03-25 07:43:03] USER[system] FILE[/home/dir_to_move] ACTION[CREATE_DIRECTORY]
[2025-03-25 07:43:03] USER[system] FILE[/home/target_parent] ACTION[CREATE_DIRECTORY]
[2025-03-25 07:43:03] USER[system] FILE[/home/dir_to_move -> /home/target_parent/dir_to_move] ACTION[MOVE]
[2025-03-25 07:43:03] USER[system] FILE[/home/target_dir] ACTION[CREATE_DIRECTORY]
[2025-03-25 07:43:03] USER[system] FILE[/home/file_to_move.txt -> /home/target_dir/file_to_move.txt] ACTION[MOVE]
[2025-03-25 07:43:03] USER[system] FILE[/home/original.txt -> /home/renamed.txt] ACTION[MOVE]
[2025-03-25 07:43:03] USER[system] FILE[/home/dir_to_remove] ACTION[CREATE_DIRECTORY]
[2025-03-25 07:43:04] USER[system] FILE[/home/test_dir] ACTION[CREATE_DIRECTORY]
[2025-03-25 07:46:34] USER[system] FILE[/home/test_directory] ACTION[CREATE_DIRECTORY]
[2025-03-25 07:46:34] USER[system] FILE[/home/test_dir] ACTION[CREATE_DIRECTORY]
[2025-03-25 07:46:34] USER[system] FILE[/home/test_file.txt -> /home/test_dir/test_file.txt] ACTION[MOVE]
[2025-03-25 07:46:34] USER[system] FILE[/home/original.txt -> /home/renamed.txt] ACTION[MOVE]
[2025-03-25 07:46:34] USER[system] FILE[/home/test_dir] ACTION[CREATE_DIRECTORY]
[2025-03-25 07:46:34] USER[system] FILE[/home/my_files] ACTION[CREATE_DIRECTORY]
[2025-03-25 07:46:35] USER[system] FILE[/home/dir1] ACTION[CREATE_DIRECTORY]
[2025-03-25 07:46:35] USER[system] FILE[/home/dir2] ACTION[CREATE_DIRECTORY]
[2025-03-25 07:46:35] USER[system] FILE[/home/test_dir] ACTION[CREATE_DIRECTORY]
[2025-03-25 07:46:36] USER[system] FILE[/home/test_dir] ACTION[CREATE_DIRECTORY]
[2025-03-25 07:46:37] USER[system] FILE[/home/test_dir] ACTION[CREATE_DIRECTORY]
[2025-03-25 07:46:37] USER[system] FILE[/home/test_dir/subdir] ACTION[CREATE_DIRECTORY]
[2025-03-25 07:46:37] USER[system] FILE[/home/new_dir] ACTION[CREATE_DIRECTORY]
[2025-03-25 07:46:37] USER[system] FILE[/home/existing_dir] ACTION[CREATE_DIRECTORY]
[2025-03-25 07:46:37] USER[system] FILE[/home/parent_dir] ACTION[CREATE_DIRECTORY]
[2025-03-25 07:46:37] USER[system] FILE[/home/parent_dir/child_dir] ACTION[CREATE_DIRECTORY]
[2025-03-25 07:46:37] USER[system] FILE[/home/dir_to_move] ACTION[CREATE_DIRECTORY]
[2025-03-25 07:46:37] USER[system] FILE[/home/target_parent] ACTION[CREATE_DIRECTORY]
[2025-03-25 07:46:37] USER[system] FILE[/home/dir_to_move -> /home/target_parent/dir_to_move] ACTION[MOVE]
[2025-03-25 07:46:37] USER[system] FILE[/home/target_dir] ACTION[CREATE_DIRECTORY]
[2025-03-25 07:46:37] USER[system] FILE[/home/file_to_move.txt -> /home/target_dir/file_to_move.txt] ACTION[MOVE]
[2025-03-25 07:46:38] USER[system] FILE[/home/original.txt -> /home/renamed.txt] ACTION[MOVE]
[2025-03-25 07:46:38] USER[system] FILE[/home/dir_to_remove] ACTION[CREATE_DIRECTORY]
[2025-03-25 07:46:38] USER[system] FILE[/home/test_dir] ACTION[CREATE_DIRECTORY]
[2025-03-25 07:47:55] USER[system] FILE[/home/test_directory] ACTION[CREATE_DIRECTORY]
[2025-03-25 07:47:55] USER[system] FILE[/home/test_dir] ACTION[CREATE_DIRECTORY]
[2025-03-25 07:47:55] USER[system] FILE[/home/test_file.txt -> /home/test_dir/test_file.txt] ACTION[MOVE]
[2025-03-25 07:47:55] USER[system] FILE[/home/original.txt -> /home/renamed.txt] ACTION[MOVE]
[2025-03-25 07:47:56] USER[system] FILE[/home/test_dir] ACTION[CREATE_DIRECTORY]
[2025-03-25 07:47:56] USER[system] FILE[/home/my_files] ACTION[CREATE_DIRECTORY]
[2025-03-25 07:47:56] USER[system] FILE[/home/dir1] ACTION[CREATE_DIRECTORY]
[2025-03-25 07:47:56] USER[system] FILE[/home/dir2] ACTION[CREATE_DIRECTORY]
[2025-03-25 07:47:56] USER[system] FILE[/home/test_dir] ACTION[CREATE_DIRECTORY]
[2025-03-25 07:47:57] USER[system] FILE[/home/test_dir] ACTION[CREATE_DIRECTORY]
[2025-03-25 07:47:58] USER[system] FILE[/home/test_dir] ACTION[CREATE_DIRECTORY]
[2025-03-25 07:47:58] USER[system] FILE[/home/test_dir/subdir] ACTION[CREATE_DIRECTORY]
[2025-03-25 07:47:58] USER[system] FILE[/home/new_dir] ACTION[CREATE_DIRECTORY]
[2025-03-25 07:47:58] USER[system] FILE[/home/existing_dir] ACTION[CREATE_DIRECTORY]
[2025-03-25 07:47:58] USER[system] FILE[/home/parent_dir] ACTION[CREATE_DIRECTORY]
[2025-03-25 07:47:58] USER[system] FILE[/home/parent_dir/child_dir] ACTION[CREATE_DIRECTORY]
[2025-03-25 07:47:58] USER[system] FILE[/home/dir_to_move] ACTION[CREATE_DIRECTORY]
[2025-03-25 07:47:58] USER[system] FILE[/home/target_parent] ACTION[CREATE_DIRECTORY]
[2025-03-25 07:47:58] USER[system] FILE[/home/dir_to_move -> /home/target_parent/dir_to_move] ACTION[MOVE]
[2025-03-25 07:47:58] USER[system] FILE[/home/target_dir] ACTION[CREATE_DIRECTORY]
[2025-03-25 07:47:58] USER[system] FILE[/home/file_to_move.txt -> /home/target_dir/file_to_move.txt] ACTION[MOVE]
[2025-03-25 07:47:59] USER[system] FILE[/home/original.txt -> /home/renamed.txt] ACTION[MOVE]
[2025-03-25 07:47:59] USER[system] FILE[/home/dir_to_remove] ACTION[CREATE_DIRECTORY]
[2025-03-25 07:47:59] USER[system] FILE[/home/test_dir] ACTION[CREATE_DIRECTORY]
[2025-03-25 07:49:31] USER[system] FILE[/home/test_directory] ACTION[CREATE_DIRECTORY]
[2025-03-25 07:49:31] USER[system] FILE[/home/test_dir] ACTION[CREATE_DIRECTORY]
[2025-03-25 07:49:31] USER[system] FILE[/home/test_file.txt -> /home/test_dir/test_file.txt] ACTION[MOVE]
[2025-03-25 07:49:31] USER[system] FILE[/home/original.txt -> /home/renamed.txt] ACTION[MOVE]
[2025-03-25 07:49:31] USER[system] FILE[/home/test_dir] ACTION[CREATE_DIRECTORY]
[2025-03-25 07:49:31] USER[system] FILE[/home/my_files] ACTION[CREATE_DIRECTORY]
[2025-03-25 07:49:32] USER[system] FILE[/home/dir1] ACTION[CREATE_DIRECTORY]
[2025-03-25 07:49:32] USER[system] FILE[/home/dir2] ACTION[CREATE_DIRECTORY]
[2025-03-25 07:49:32] USER[system] FILE[/home/test_dir] ACTION[CREATE_DIRECTORY]
[2025-03-25 07:49:32] USER[system] FILE[/home/test_dir] ACTION[CREATE_DIRECTORY]
[2025-03-25 07:49:33] USER[system] FILE[/home/test_dir] ACTION[CREATE_DIRECTORY]
[2025-03-25 07:49:33] USER[system] FILE[/home/test_dir/subdir] ACTION[CREATE_DIRECTORY]
[2025-03-25 07:49:33] USER[system] FILE[/home/new_dir] ACTION[CREATE_DIRECTORY]
[2025-03-25 07:49:33] USER[system] FILE[/home/existing_dir] ACTION[CREATE_DIRECTORY]
[2025-03-25 07:49:33] USER[system] FILE[/home/parent_dir] ACTION[CREATE_DIRECTORY]
[2025-03-25 07:49:33] USER[system] FILE[/home/parent_dir/child_dir] ACTION[CREATE_DIRECTORY]
[2025-03-25 07:49:34] USER[system] FILE[/home/dir_to_move] ACTION[CREATE_DIRECTORY]
[2025-03-25 07:49:34] USER[system] FILE[/home/target_parent] ACTION[CREATE_DIRECTORY]
[2025-03-25 07:49:34] USER[system] FILE[/home/dir_to_move -> /home/target_parent/dir_to_move] ACTION[MOVE]
[2025-03-25 07:49:34] USER[system] FILE[/home/target_dir] ACTION[CREATE_DIRECTORY]
[2025-03-25 07:49:34] USER[system] FILE[/home/file_to_move.txt -> /home/target_dir/file_to_move.txt] ACTION[MOVE]
[2025-03-25 07:49:34] USER[system] FILE[/home/original.txt -> /home/renamed.txt] ACTION[MOVE]
[2025-03-25 07:49:34] USER[system] FILE[/home/dir_to_remove] ACTION[CREATE_DIRECTORY]
[2025-03-25 07:49:34] USER[system] FILE[/home/test_dir] ACTION[CREATE_DIRECTORY]
[2025-03-25 07:51:09] USER[system] FILE[/home/test_directory] ACTION[CREATE_DIRECTORY]
[2025-03-25 07:51:09] USER[system] FILE[/home/test_dir] ACTION[CREATE_DIRECTORY]
[2025-03-25 07:51:09] USER[system] FILE[/home/test_file.txt -> /home/test_dir/test_file.txt] ACTION[MOVE]
[2025-03-25 07:51:09] USER[system] FILE[/home/original.txt -> /home/renamed.txt] ACTION[MOVE]
[2025-03-25 07:51:09] USER[system] FILE[/home/test_dir] ACTION[CREATE_DIRECTORY]
[2025-03-25 07:51:09] USER[system] FILE[/home/my_files] ACTION[CREATE_DIRECTORY]
[2025-03-25 07:51:09] USER[system] FILE[/home/dir1] ACTION[CREATE_DIRECTORY]
[2025-03-25 07:51:09] USER[system] FILE[/home/dir2] ACTION[CREATE_DIRECTORY]
[2025-03-25 07:51:10] USER[system] FILE[/home/test_dir] ACTION[CREATE_DIRECTORY]
[2025-03-25 07:51:10] USER[system] FILE[/home/test_dir] ACTION[CREATE_DIRECTORY]
[2025-03-25 07:51:11] USER[system] FILE[/home/test_dir] ACTION[CREATE_DIRECTORY]
[2025-03-25 07:51:11] USER[system] FILE[/home/test_dir/subdir] ACTION[CREATE_DIRECTORY]
[2025-03-25 07:51:11] USER[system] FILE[/home/new_dir] ACTION[CREATE_DIRECTORY]
[2025-03-25 07:51:11] USER[system] FILE[/home/existing_dir] ACTION[CREATE_DIRECTORY]
[2025-03-25 07:51:11] USER[system] FILE[/home/parent_dir] ACTION[CREATE_DIRECTORY]
[2025-03-25 07:51:11] USER[system] FILE[/home/parent_dir/child_dir] ACTION[CREATE_DIRECTORY]
[2025-03-25 07:51:11] USER[system] FILE[/home/dir_to_move] ACTION[CREATE_DIRECTORY]
[2025-03-25 07:51:12] USER[system] FILE[/home/target_parent] ACTION[CREATE_DIRECTORY]
[2025-03-25 07:51:12] USER[system] FILE[/home/dir_to_move -> /home/target_parent/dir_to_move] ACTION[MOVE]
[2025-03-25 07:51:12] USER[system] FILE[/home/target_dir] ACTION[CREATE_DIRECTORY]
[2025-03-25 07:51:12] USER[system] FILE[/home/file_to_move.txt -> /home/target_dir/file_to_move.txt] ACTION[MOVE]
[2025-03-25 07:51:12] USER[system] FILE[/home/original.txt -> /home/renamed.txt] ACTION[MOVE]
[2025-03-25 07:51:12] USER[system] FILE[/home/dir_to_remove] ACTION[CREATE_DIRECTORY]
[2025-03-25 07:51:12] USER[system] FILE[/home/test_dir] ACTION[CREATE_DIRECTORY]
[2025-03-25 07:56:44] USER[system] FILE[/home/test_directory] ACTION[CREATE_DIRECTORY]
[2025-03-25 07:56:44] USER[system] FILE[/home/test_dir] ACTION[CREATE_DIRECTORY]
[2025-03-25 07:56:44] USER[system] FILE[/home/test_file.txt -> /home/test_dir/test_file.txt] ACTION[MOVE]
[2025-03-25 07:56:44] USER[system] FILE[/home/original.txt -> /home/renamed.txt] ACTION[MOVE]
[2025-03-25 07:56:45] USER[system] FILE[/home/test_dir] ACTION[CREATE_DIRECTORY]
[2025-03-25 07:56:45] USER[system] FILE[/home/my_files] ACTION[CREATE_DIRECTORY]
[2025-03-25 07:56:45] USER[system] FILE[/home/dir1] ACTION[CREATE_DIRECTORY]
[2025-03-25 07:56:45] USER[system] FILE[/home/dir2] ACTION[CREATE_DIRECTORY]
[2025-03-25 07:56:45] USER[system] FILE[/home/test_dir] ACTION[CREATE_DIRECTORY]
[2025-03-25 07:56:45] USER[system] FILE[/home/test_dir] ACTION[CREATE_DIRECTORY]
[2025-03-25 07:56:46] USER[system] FILE[/home/test_dir] ACTION[CREATE_DIRECTORY]
[2025-03-25 07:56:46] USER[system] FILE[/home/test_dir/subdir] ACTION[CREATE_DIRECTORY]
[2025-03-25 07:56:46] USER[system] FILE[/home/new_dir] ACTION[CREATE_DIRECTORY]
[2025-03-25 07:56:46] USER[system] FILE[/home/existing_dir] ACTION[CREATE_DIRECTORY]
[2025-03-25 07:56:46] USER[system] FILE[/home/parent_dir] ACTION[CREATE_DIRECTORY]
[2025-03-25 07:56:46] USER[system] FILE[/home/parent_dir/child_dir] ACTION[CREATE_DIRECTORY]
[2025-03-25 07:56:46] USER[system] FILE[/home/dir_to_move] ACTION[CREATE_DIRECTORY]
[2025-03-25 07:56:46] USER[system] FILE[/home/target_parent] ACTION[CREATE_DIRECTORY]
[2025-03-25 07:56:46] USER[system] FILE[/home/dir_to_move -> /home/target_parent/dir_to_move] ACTION[MOVE]
[2025-03-25 07:56:46] USER[system] FILE[/home/target_dir] ACTION[CREATE_DIRECTORY]
[2025-03-25 07:56:46] USER[system] FILE[/home/file_to_move.txt -> /home/target_dir/file_to_move.txt] ACTION[MOVE]
[2025-03-25 07:56:46] USER[system] FILE[/home/original.txt -> /home/renamed.txt] ACTION[MOVE]
[2025-03-25 07:56:46] USER[system] FILE[/home/dir_to_remove] ACTION[CREATE_DIRECTORY]
[2025-03-25 07:56:47] USER[system] FILE[/home/test_dir] ACTION[CREATE_DIRECTORY]
[2025-03-25 07:58:37] USER[system] FILE[/home/test_directory] ACTION[CREATE_DIRECTORY]
[2025-03-25 07:58:37] USER[system] FILE[/home/test_dir] ACTION[CREATE_DIRECTORY]
[2025-03-25 07:58:37] USER[system] FILE[/home/test_file.txt -> /home/test_dir/test_file.txt] ACTION[MOVE]
[2025-03-25 07:58:37] USER[system] FILE[/home/original.txt -> /home/renamed.txt] ACTION[MOVE]
[2025-03-25 07:58:37] USER[system] FILE[/home/test_dir] ACTION[CREATE_DIRECTORY]
[2025-03-25 07:58:38] USER[system] FILE[/home/my_files] ACTION[CREATE_DIRECTORY]
[2025-03-25 07:58:38] USER[system] FILE[/home/dir1] ACTION[CREATE_DIRECTORY]
[2025-03-25 07:58:38] USER[system] FILE[/home/dir2] ACTION[CREATE_DIRECTORY]
[2025-03-25 07:58:38] USER[system] FILE[/home/test_dir] ACTION[CREATE_DIRECTORY]
[2025-03-25 07:58:38] USER[system] FILE[/home/test_dir] ACTION[CREATE_DIRECTORY]
[2025-03-25 07:58:39] USER[system] FILE[/home/test_dir] ACTION[CREATE_DIRECTORY]
[2025-03-25 07:58:39] USER[system] FILE[/home/test_dir/subdir] ACTION[CREATE_DIRECTORY]
[2025-03-25 07:58:39] USER[system] FILE[/home/new_dir] ACTION[CREATE_DIRECTORY]
[2025-03-25 07:58:39] USER[system] FILE[/home/existing_dir] ACTION[CREATE_DIRECTORY]
[2025-03-25 07:58:39] USER[system] FILE[/home/parent_dir] ACTION[CREATE_DIRECTORY]
[2025-03-25 07:58:39] USER[system] FILE[/home/parent_dir/child_dir] ACTION[CREATE_DIRECTORY]
[2025-03-25 07:58:39] USER[system] FILE[/home/dir_to_move] ACTION[CREATE_DIRECTORY]
[2025-03-25 07:58:39] USER[system] FILE[/home/target_parent] ACTION[CREATE_DIRECTORY]
[2025-03-25 07:58:39] USER[system] FILE[/home/dir_to_move -> /home/target_parent/dir_to_move] ACTION[MOVE]
[2025-03-25 07:58:39] USER[system] FILE[/home/target_dir] ACTION[CREATE_DIRECTORY]
[2025-03-25 07:58:39] USER[system] FILE[/home/file_to_move.txt -> /home/target_dir/file_to_move.txt] ACTION[MOVE]
[2025-03-25 07:58:39] USER[system] FILE[/home/original.txt -> /home/renamed.txt] ACTION[MOVE]
[2025-03-25 07:58:39] USER[system] FILE[/home/dir_to_remove] ACTION[CREATE_DIRECTORY]
[2025-03-25 07:58:39] USER[system] FILE[/home/test_dir] ACTION[CREATE_DIRECTORY]
[2025-03-25 08:02:13] USER[system] FILE[/home/test_directory] ACTION[CREATE_DIRECTORY]
[2025-03-25 08:02:13] USER[system] FILE[/home/test_dir] ACTION[CREATE_DIRECTORY]
[2025-03-25 08:02:13] USER[system] FILE[/home/test_file.txt -> /home/test_dir/test_file.txt] ACTION[MOVE]
[2025-03-25 08:02:14] USER[system] FILE[/home/original.txt -> /home/renamed.txt] ACTION[MOVE]
[2025-03-25 08:02:46] USER[system] FILE[/home/test_directory] ACTION[CREATE_DIRECTORY]
[2025-03-25 08:02:46] USER[system] FILE[/home/test_dir] ACTION[CREATE_DIRECTORY]
[2025-03-25 08:02:46] USER[system] FILE[/home/test_file.txt -> /home/test_dir/test_file.txt] ACTION[MOVE]
[2025-03-25 08:02:46] USER[system] FILE[/home/original.txt -> /home/renamed.txt] ACTION[MOVE]
[2025-03-25 08:02:46] USER[system] FILE[/home/test_dir] ACTION[CREATE_DIRECTORY]
[2025-03-25 08:02:46] USER[system] FILE[/home/my_files] ACTION[CREATE_DIRECTORY]
[2025-03-25 08:02:46] USER[system] FILE[/home/dir1] ACTION[CREATE_DIRECTORY]
[2025-03-25 08:02:46] USER[system] FILE[/home/dir2] ACTION[CREATE_DIRECTORY]
[2025-03-25 08:02:46] USER[system] FILE[/home/test_dir] ACTION[CREATE_DIRECTORY]
[2025-03-25 08:02:47] USER[system] FILE[/home/test_dir] ACTION[CREATE_DIRECTORY]
[2025-03-25 08:02:47] USER[system] FILE[/home/test_dir] ACTION[CREATE_DIRECTORY]
[2025-03-25 08:02:47] USER[system] FILE[/home/test_dir/subdir] ACTION[CREATE_DIRECTORY]
[2025-03-25 08:02:47] USER[system] FILE[/home/new_dir] ACTION[CREATE_DIRECTORY]
[2025-03-25 08:02:47] USER[system] FILE[/home/existing_dir] ACTION[CREATE_DIRECTORY]
[2025-03-25 08:02:47] USER[system] FILE[/home/parent_dir] ACTION[CREATE_DIRECTORY]
[2025-03-25 08:02:47] USER[system] FILE[/home/parent_dir/child_dir] ACTION[CREATE_DIRECTORY]
[2025-03-25 08:02:47] USER[system] FILE[/home/dir_to_move] ACTION[CREATE_DIRECTORY]
[2025-03-25 08:02:47] USER[system] FILE[/home/target_parent] ACTION[CREATE_DIRECTORY]
[2025-03-25 08:02:47] USER[system] FILE[/home/dir_to_move -> /home/target_parent/dir_to_move] ACTION[MOVE]
[2025-03-25 08:02:47] USER[system] FILE[/home/target_dir] ACTION[CREATE_DIRECTORY]
[2025-03-25 08:02:47] USER[system] FILE[/home/file_to_move.txt -> /home/target_dir/file_to_move.txt] ACTION[MOVE]
[2025-03-25 08:02:48] USER[system] FILE[/home/original.txt -> /home/renamed.txt] ACTION[MOVE]
[2025-03-25 08:02:48] USER[system] FILE[/home/dir_to_remove] ACTION[CREATE_DIRECTORY]
[2025-03-25 08:02:48] USER[system] FILE[/home/test_dir] ACTION[CREATE_DIRECTORY]
[2025-03-25 08:05:56] USER[system] FILE[/home/test_directory] ACTION[CREATE_DIRECTORY]
[2025-03-25 08:05:56] USER[system] FILE[/home/test_dir] ACTION[CREATE_DIRECTORY]
[2025-03-25 08:05:56] USER[system] FILE[/home/test_file.txt -> /home/test_dir/test_file.txt] ACTION[MOVE]
[2025-03-25 08:05:56] USER[system] FILE[/home/original.txt -> /home/renamed.txt] ACTION[MOVE]
[2025-03-25 08:05:56] USER[system] FILE[/home/test_dir] ACTION[CREATE_DIRECTORY]
[2025-03-25 08:05:56] USER[system] FILE[/home/my_files] ACTION[CREATE_DIRECTORY]
[2025-03-25 08:05:56] USER[system] FILE[/home/dir1] ACTION[CREATE_DIRECTORY]
[2025-03-25 08:05:56] USER[system] FILE[/home/dir2] ACTION[CREATE_DIRECTORY]
[2025-03-25 08:05:57] USER[system] FILE[/home/test_dir] ACTION[CREATE_DIRECTORY]
[2025-03-25 08:05:57] USER[system] FILE[/home/test_dir] ACTION[CREATE_DIRECTORY]
[2025-03-25 08:05:57] USER[system] FILE[/home/test_dir] ACTION[CREATE_DIRECTORY]
[2025-03-25 08:05:57] USER[system] FILE[/home/test_dir/subdir] ACTION[CREATE_DIRECTORY]
[2025-03-25 08:05:57] USER[system] FILE[/home/new_dir] ACTION[CREATE_DIRECTORY]
[2025-03-25 08:05:57] USER[system] FILE[/home/existing_dir] ACTION[CREATE_DIRECTORY]
[2025-03-25 08:05:57] USER[system] FILE[/home/parent_dir] ACTION[CREATE_DIRECTORY]
[2025-03-25 08:05:57] USER[system] FILE[/home/parent_dir/child_dir] ACTION[CREATE_DIRECTORY]
[2025-03-25 08:05:57] USER[system] FILE[/home/dir_to_move] ACTION[CREATE_DIRECTORY]
[2025-03-25 08:05:57] USER[system] FILE[/home/target_parent] ACTION[CREATE_DIRECTORY]
[2025-03-25 08:05:58] USER[system] FILE[/home/dir_to_move -> /home/target_parent/dir_to_move] ACTION[MOVE]
[2025-03-25 08:05:58] USER[system] FILE[/home/target_dir] ACTION[CREATE_DIRECTORY]
[2025-03-25 08:05:58] USER[system] FILE[/home/file_to_move.txt -> /home/target_dir/file_to_move.txt] ACTION[MOVE]
[2025-03-25 08:05:58] USER[system] FILE[/home/original.txt -> /home/renamed.txt] ACTION[MOVE]
[2025-03-25 08:05:58] USER[system] FILE[/home/dir_to_remove] ACTION[CREATE_DIRECTORY]
[2025-03-25 08:05:58] USER[system] FILE[/home/test_dir] ACTION[CREATE_DIRECTORY]
[2025-03-25 08:07:03] USER[system] FILE[/home/test_directory] ACTION[CREATE_DIRECTORY]
[2025-03-25 08:07:03] USER[system] FILE[/home/test_dir] ACTION[CREATE_DIRECTORY]
[2025-03-25 08:07:03] USER[system] FILE[/home/test_file.txt -> /home/test_dir/test_file.txt] ACTION[MOVE]
[2025-03-25 08:07:03] USER[system] FILE[/home/original.txt -> /home/renamed.txt] ACTION[MOVE]
[2025-03-25 08:07:03] USER[system] FILE[/home/test_dir] ACTION[CREATE_DIRECTORY]
[2025-03-25 08:07:03] USER[system] FILE[/home/my_files] ACTION[CREATE_DIRECTORY]
[2025-03-25 08:07:03] USER[system] FILE[/home/dir1] ACTION[CREATE_DIRECTORY]
[2025-03-25 08:07:03] USER[system] FILE[/home/dir2] ACTION[CREATE_DIRECTORY]
[2025-03-25 08:07:04] USER[system] FILE[/home/test_dir] ACTION[CREATE_DIRECTORY]
[2025-03-25 08:07:04] USER[system] FILE[/home/test_dir] ACTION[CREATE_DIRECTORY]
[2025-03-25 08:07:04] USER[system] FILE[/home/test_dir] ACTION[CREATE_DIRECTORY]
[2025-03-25 08:07:04] USER[system] FILE[/home/test_dir/subdir] ACTION[CREATE_DIRECTORY]
[2025-03-25 08:07:04] USER[system] FILE[/home/new_dir] ACTION[CREATE_DIRECTORY]
[2025-03-25 08:07:04] USER[system] FILE[/home/existing_dir] ACTION[CREATE_DIRECTORY]
[2025-03-25 08:07:04] USER[system] FILE[/home/parent_dir] ACTION[CREATE_DIRECTORY]
[2025-03-25 08:07:04] USER[system] FILE[/home/parent_dir/child_dir] ACTION[CREATE_DIRECTORY]
[2025-03-25 08:07:04] USER[system] FILE[/home/dir_to_move] ACTION[CREATE_DIRECTORY]
[2025-03-25 08:07:04] USER[system] FILE[/home/target_parent] ACTION[CREATE_DIRECTORY]
[2025-03-25 08:07:04] USER[system] FILE[/home/dir_to_move -> /home/target_parent/dir_to_move] ACTION[MOVE]
[2025-03-25 08:07:04] USER[system] FILE[/home/target_dir] ACTION[CREATE_DIRECTORY]
[2025-03-25 08:07:04] USER[system] FILE[/home/file_to_move.txt -> /home/target_dir/file_to_move.txt] ACTION[MOVE]
[2025-03-25 08:07:05] USER[system] FILE[/home/original.txt -> /home/renamed.txt] ACTION[MOVE]
[2025-03-25 08:07:05] USER[system] FILE[/home/dir_to_remove] ACTION[CREATE_DIRECTORY]
[2025-03-25 08:07:05] USER[system] FILE[/home/test_dir] ACTION[CREATE_DIRECTORY]
[2025-03-25 08:09:34] USER[system] FILE[/home/test_directory] ACTION[CREATE_DIRECTORY]
[2025-03-25 08:09:34] USER[system] FILE[/home/test_dir] ACTION[CREATE_DIRECTORY]
[2025-03-25 08:09:34] USER[system] FILE[/home/test_file.txt -> /home/test_dir/test_file.txt] ACTION[MOVE]
[2025-03-25 08:09:34] USER[system] FILE[/home/original.txt -> /home/renamed.txt] ACTION[MOVE]
[2025-03-25 08:09:34] USER[system] FILE[/home/test_dir] ACTION[CREATE_DIRECTORY]
[2025-03-25 08:09:34] USER[system] FILE[/home/my_files] ACTION[CREATE_DIRECTORY]
[2025-03-25 08:09:35] USER[system] FILE[/home/dir1] ACTION[CREATE_DIRECTORY]
[2025-03-25 08:09:35] USER[system] FILE[/home/dir2] ACTION[CREATE_DIRECTORY]
[2025-03-25 08:09:35] USER[system] FILE[/home/test_dir] ACTION[CREATE_DIRECTORY]
[2025-03-25 08:09:35] USER[system] FILE[/home/test_dir] ACTION[CREATE_DIRECTORY]
[2025-03-25 08:09:35] USER[system] FILE[/home/test_dir] ACTION[CREATE_DIRECTORY]
[2025-03-25 08:09:35] USER[system] FILE[/home/test_dir/subdir] ACTION[CREATE_DIRECTORY]
[2025-03-25 08:09:35] USER[system] FILE[/home/new_dir] ACTION[CREATE_DIRECTORY]
[2025-03-25 08:09:36] USER[system] FILE[/home/existing_dir] ACTION[CREATE_DIRECTORY]
[2025-03-25 08:09:36] USER[system] FILE[/home/parent_dir] ACTION[CREATE_DIRECTORY]
[2025-03-25 08:09:36] USER[system] FILE[/home/parent_dir/child_dir] ACTION[CREATE_DIRECTORY]
[2025-03-25 08:09:36] USER[system] FILE[/home/dir_to_move] ACTION[CREATE_DIRECTORY]
[2025-03-25 08:09:36] USER[system] FILE[/home/target_parent] ACTION[CREATE_DIRECTORY]
[2025-03-25 08:09:36] USER[system] FILE[/home/dir_to_move -> /home/target_parent/dir_to_move] ACTION[MOVE]
[2025-03-25 08:09:36] USER[system] FILE[/home/target_dir] ACTION[CREATE_DIRECTORY]
[2025-03-25 08:09:36] USER[system] FILE[/home/file_to_move.txt -> /home/target_dir/file_to_move.txt] ACTION[MOVE]
[2025-03-25 08:09:36] USER[system] FILE[/home/original.txt -> /home/renamed.txt] ACTION[MOVE]
[2025-03-25 08:09:36] USER[system] FILE[/home/dir_to_remove] ACTION[CREATE_DIRECTORY]
[2025-03-25 08:09:36] USER[system] FILE[/home/test_dir] ACTION[CREATE_DIRECTORY]
[2025-03-25 08:12:57] USER[system] FILE[/home/test_directory] ACTION[CREATE_DIRECTORY]
[2025-03-25 08:12:57] USER[system] FILE[/home/test_dir] ACTION[CREATE_DIRECTORY]
[2025-03-25 08:12:57] USER[system] FILE[/home/test_file.txt -> /home/test_dir/test_file.txt] ACTION[MOVE]
[2025-03-25 08:12:57] USER[system] FILE[/home/original.txt -> /home/renamed.txt] ACTION[MOVE]
[2025-03-25 08:12:57] USER[system] FILE[/home/test_dir] ACTION[CREATE_DIRECTORY]
[2025-03-25 08:12:57] USER[system] FILE[/home/my_files] ACTION[CREATE_DIRECTORY]
[2025-03-25 08:12:57] USER[system] FILE[/home/dir1] ACTION[CREATE_DIRECTORY]
[2025-03-25 08:12:57] USER[system] FILE[/home/dir2] ACTION[CREATE_DIRECTORY]
[2025-03-25 08:12:58] USER[system] FILE[/home/test_dir] ACTION[CREATE_DIRECTORY]
[2025-03-25 08:12:58] USER[system] FILE[/home/test_dir] ACTION[CREATE_DIRECTORY]
[2025-03-25 08:12:58] USER[system] FILE[/home/test_dir] ACTION[CREATE_DIRECTORY]
[2025-03-25 08:12:58] USER[system] FILE[/home/test_dir/subdir] ACTION[CREATE_DIRECTORY]
[2025-03-25 08:12:58] USER[system] FILE[/home/new_dir] ACTION[CREATE_DIRECTORY]
[2025-03-25 08:12:58] USER[system] FILE[/home/existing_dir] ACTION[CREATE_DIRECTORY]
[2025-03-25 08:12:58] USER[system] FILE[/home/parent_dir] ACTION[CREATE_DIRECTORY]
[2025-03-25 08:12:59] USER[system] FILE[/home/parent_dir/child_dir] ACTION[CREATE_DIRECTORY]
[2025-03-25 08:12:59] USER[system] FILE[/home/dir_to_move] ACTION[CREATE_DIRECTORY]
[2025-03-25 08:12:59] USER[system] FILE[/home/target_parent] ACTION[CREATE_DIRECTORY]
[2025-03-25 08:12:59] USER[system] FILE[/home/dir_to_move -> /home/target_parent/dir_to_move] ACTION[MOVE]
[2025-03-25 08:12:59] USER[system] FILE[/home/target_dir] ACTION[CREATE_DIRECTORY]
[2025-03-25 08:12:59] USER[system] FILE[/home/file_to_move.txt -> /home/target_dir/file_to_move.txt] ACTION[MOVE]
[2025-03-25 08:12:59] USER[system] FILE[/home/original.txt -> /home/renamed.txt] ACTION[MOVE]
[2025-03-25 08:12:59] USER[system] FILE[/home/dir_to_remove] ACTION[CREATE_DIRECTORY]
[2025-03-25 08:12:59] USER[system] FILE[/home/test_dir] ACTION[CREATE_DIRECTORY]
[2025-03-25 08:30:49] USER[system] FILE[/root/Desktop/cool.txt] ACTION[EDIT]
