[2025-03-25 04:00:09] EVENT[SYSTEM_STARTUP] DETAILS[Terminal hacking environment initialized]
[2025-03-25 04:00:09] EVENT[SESSION_START] DETAILS[User root started a new terminal session]
[2025-03-25 04:09:03] EVENT[SESSION_END] DETAILS[User root ended the terminal session]
[2025-03-25 04:24:35] EVENT[SYSTEM_STARTUP] DETAILS[Terminal hacking environment initialized]
[2025-03-25 04:24:35] EVENT[BOOT_SEQUENCE] DETAILS[System boot sequence initiated]
[2025-03-25 04:24:56] EVENT[BOOT_SEQUENCE_COMPLETE] DETAILS[System boot completed successfully]
[2025-03-25 04:25:35] EVENT[SESSION_START] DETAILS[User root started a new terminal session]
[2025-03-25 04:29:39] EVENT[SESSION_END] DETAILS[User root ended the terminal session]
[2025-03-25 04:29:41] EVENT[SYSTEM_STARTUP] DETAILS[Terminal hacking environment initialized]
[2025-03-25 04:29:48] EVENT[SESSION_START] DETAILS[User root started a new terminal session]
[2025-03-25 04:42:42] EVENT[SESSION_END] DETAILS[User root ended the terminal session]
[2025-03-25 04:50:32] EVENT[SYSTEM_STARTUP] DETAILS[Terminal hacking environment initialized]
[2025-03-25 04:51:56] EVENT[SYSTEM_STARTUP] DETAILS[Terminal hacking environment initialized]
[2025-03-25 04:52:02] EVENT[SESSION_START] DETAILS[User dan started a new terminal session]
[2025-03-25 04:52:05] EVENT[ERROR] DETAILS[Unhandled exception: 'username']
[2025-03-25 04:52:11] EVENT[ERROR] DETAILS[Unhandled exception: 'username']
[2025-03-25 04:58:44] EVENT[KEYBOARD_INTERRUPT] DETAILS[User interrupted the command input with Ctrl+C]
[2025-03-25 04:58:46] EVENT[SESSION_END] DETAILS[User dan ended the terminal session]
[2025-03-25 04:58:48] EVENT[SYSTEM_STARTUP] DETAILS[Terminal hacking environment initialized]
[2025-03-25 04:58:54] EVENT[SESSION_START] DETAILS[User root started a new terminal session]
[2025-03-25 04:58:58] EVENT[DIRECTORY_CHANGE] DETAILS[Changed from /root to /]
[2025-03-25 04:59:02] EVENT[DIRECTORY_CHANGE] DETAILS[Changed from / to /home]
[2025-03-25 05:02:48] EVENT[SYSTEM_STARTUP] DETAILS[Terminal hacking environment initialized]
[2025-03-25 05:02:52] EVENT[SESSION_START] DETAILS[User root started a new terminal session]
[2025-03-25 05:04:45] EVENT[ERROR] DETAILS[Unhandled exception: name 'command_string' is not defined]
[2025-03-25 05:05:40] EVENT[SESSION_END] DETAILS[User root ended the terminal session]
