[2025-03-24 03:59:29] EVENT[SYSTEM_STARTUP] DETAILS[Terminal hacking environment initialized]
[2025-03-24 03:59:29] EVENT[SESSION_START] DETAILS[User root started a new terminal session]
[2025-03-24 03:59:56] EVENT[ERROR] DETAILS[Unhandled exception: 'logs']
[2025-03-24 04:00:05] EVENT[DIRECTORY_CHANGE] DETAILS[Changed from /home to /]
[2025-03-24 04:00:09] EVENT[DIRECTORY_CHANGE] DETAILS[Changed from / to /var]
[2025-03-24 04:00:10] EVENT[DIRECTORY_CHANGE] DETAILS[Changed from /var to /var/log]
[2025-03-24 04:00:24] EVENT[ERROR] DETAILS[Unhandled exception: 'logs']
[2025-03-24 04:00:29] EVENT[ERROR] DETAILS[Unhandled exception: 'logs']
[2025-03-24 04:04:16] EVENT[DIRECTORY_CHANGE] DETAILS[Changed from /var/log to /var]
[2025-03-24 04:04:20] EVENT[DIRECTORY_CHANGE] DETAILS[Changed from /var to /]
[2025-03-24 04:06:08] EVENT[KEYBOARD_INTERRUPT] DETAILS[User interrupted the command input with Ctrl+C]
[2025-03-24 04:06:11] EVENT[SESSION_END] DETAILS[User root ended the terminal session]
[2025-03-24 04:07:37] EVENT[SYSTEM_STARTUP] DETAILS[Terminal hacking environment initialized]
[2025-03-24 04:07:37] EVENT[SESSION_START] DETAILS[User root started a new terminal session]
[2025-03-24 04:08:47] EVENT[DIRECTORY_CHANGE] DETAILS[Changed from /home to /]
[2025-03-24 04:29:12] EVENT[KEYBOARD_INTERRUPT] DETAILS[User interrupted the command input with Ctrl+C]
[2025-03-24 04:29:15] EVENT[SESSION_END] DETAILS[User root ended the terminal session]
[2025-03-24 04:29:18] EVENT[SYSTEM_STARTUP] DETAILS[Terminal hacking environment initialized]
[2025-03-24 04:29:18] EVENT[SESSION_START] DETAILS[User root started a new terminal session]
[2025-03-24 04:31:56] EVENT[KEYBOARD_INTERRUPT] DETAILS[User interrupted the command input with Ctrl+C]
[2025-03-24 04:31:58] EVENT[SESSION_END] DETAILS[User root ended the terminal session]
[2025-03-24 04:32:07] EVENT[SYSTEM_STARTUP] DETAILS[Terminal hacking environment initialized]
[2025-03-24 04:32:07] EVENT[SESSION_START] DETAILS[User root started a new terminal session]
[2025-03-24 04:33:07] EVENT[DIRECTORY_CHANGE] DETAILS[Changed from /home to /home/user]
[2025-03-24 04:33:22] EVENT[DIRECTORY_CHANGE] DETAILS[Changed from /home/user to /home/user/Desktop]
[2025-03-24 04:36:07] EVENT[SESSION_END] DETAILS[User root ended the terminal session]
[2025-03-24 04:36:15] EVENT[SYSTEM_STARTUP] DETAILS[Terminal hacking environment initialized]
[2025-03-24 04:36:15] EVENT[SESSION_START] DETAILS[User root started a new terminal session]
[2025-03-24 04:36:34] EVENT[DIRECTORY_CHANGE] DETAILS[Changed from /home to /home/user/Desktop]
[2025-03-24 04:36:54] EVENT[DIRECTORY_CHANGE] DETAILS[Changed from /home/user/Desktop to /home/user]
[2025-03-24 04:36:55] EVENT[DIRECTORY_CHANGE] DETAILS[Changed from /home/user to /home]
[2025-03-24 04:39:14] EVENT[KEYBOARD_INTERRUPT] DETAILS[User interrupted the command input with Ctrl+C]
[2025-03-24 04:39:16] EVENT[SESSION_END] DETAILS[User root ended the terminal session]
[2025-03-24 04:39:18] EVENT[SYSTEM_STARTUP] DETAILS[Terminal hacking environment initialized]
[2025-03-24 04:39:18] EVENT[SESSION_START] DETAILS[User root started a new terminal session]
[2025-03-24 04:39:33] EVENT[ERROR] DETAILS[Unhandled exception: 'local']
[2025-03-24 04:40:00] EVENT[KEYBOARD_INTERRUPT] DETAILS[User interrupted the command input with Ctrl+C]
[2025-03-24 04:40:03] EVENT[SESSION_END] DETAILS[User root ended the terminal session]
[2025-03-24 04:40:05] EVENT[SYSTEM_STARTUP] DETAILS[Terminal hacking environment initialized]
[2025-03-24 04:40:05] EVENT[SESSION_START] DETAILS[User root started a new terminal session]
[2025-03-24 04:44:11] EVENT[SESSION_END] DETAILS[User root ended the terminal session]
[2025-03-24 04:44:56] EVENT[SYSTEM_STARTUP] DETAILS[Terminal hacking environment initialized]
[2025-03-24 04:44:56] EVENT[SESSION_START] DETAILS[User root started a new terminal session]
[2025-03-24 04:57:51] EVENT[KEYBOARD_INTERRUPT] DETAILS[User interrupted the command input with Ctrl+C]
[2025-03-24 04:58:47] EVENT[KEYBOARD_INTERRUPT] DETAILS[User interrupted the command input with Ctrl+C]
[2025-03-24 04:58:50] EVENT[SESSION_END] DETAILS[User root ended the terminal session]
[2025-03-24 04:58:53] EVENT[SYSTEM_STARTUP] DETAILS[Terminal hacking environment initialized]
[2025-03-24 04:58:53] EVENT[SESSION_START] DETAILS[User root started a new terminal session]
[2025-03-24 05:03:53] EVENT[SESSION_END] DETAILS[User root ended the terminal session]
[2025-03-24 05:03:56] EVENT[SYSTEM_STARTUP] DETAILS[Terminal hacking environment initialized]
[2025-03-24 05:03:56] EVENT[SESSION_START] DETAILS[User root started a new terminal session]
[2025-03-24 05:05:43] EVENT[SESSION_END] DETAILS[User root ended the terminal session]
[2025-03-24 05:05:47] EVENT[SYSTEM_STARTUP] DETAILS[Terminal hacking environment initialized]
[2025-03-24 05:05:47] EVENT[SESSION_START] DETAILS[User root started a new terminal session]
[2025-03-24 05:13:47] EVENT[KEYBOARD_INTERRUPT] DETAILS[User interrupted the command input with Ctrl+C]
[2025-03-24 05:13:55] EVENT[SESSION_END] DETAILS[User root ended the terminal session]
[2025-03-24 05:13:59] EVENT[SYSTEM_STARTUP] DETAILS[Terminal hacking environment initialized]
[2025-03-24 05:13:59] EVENT[SYSTEM_STARTUP] DETAILS[Terminal hacking environment initialized]
[2025-03-24 05:13:59] EVENT[SYSTEM_STARTUP] DETAILS[Terminal hacking environment initialized]
[2025-03-24 05:13:59] EVENT[SYSTEM_STARTUP] DETAILS[Terminal hacking environment initialized]
[2025-03-24 05:13:59] EVENT[SYSTEM_STARTUP] DETAILS[Terminal hacking environment initialized]
[2025-03-24 05:14:00] EVENT[DIRECTORY_CHANGE] DETAILS[Changed from /home to /home/test_dir]
[2025-03-24 05:14:00] EVENT[DIRECTORY_CHANGE] DETAILS[Changed from /home/test_dir to /home]
[2025-03-24 05:14:00] EVENT[SYSTEM_STARTUP] DETAILS[Terminal hacking environment initialized]
[2025-03-24 05:14:00] EVENT[SYSTEM_STARTUP] DETAILS[Terminal hacking environment initialized]
[2025-03-24 05:14:01] EVENT[SYSTEM_STARTUP] DETAILS[Terminal hacking environment initialized]
[2025-03-24 05:14:01] EVENT[SYSTEM_STARTUP] DETAILS[Terminal hacking environment initialized]
[2025-03-24 05:14:01] EVENT[SYSTEM_STARTUP] DETAILS[Terminal hacking environment initialized]
[2025-03-24 05:18:11] EVENT[SYSTEM_STARTUP] DETAILS[Terminal hacking environment initialized]
[2025-03-24 05:18:11] EVENT[SYSTEM_STARTUP] DETAILS[Terminal hacking environment initialized]
[2025-03-24 05:18:11] EVENT[SYSTEM_STARTUP] DETAILS[Terminal hacking environment initialized]
[2025-03-24 05:18:11] EVENT[SYSTEM_STARTUP] DETAILS[Terminal hacking environment initialized]
[2025-03-24 05:18:11] EVENT[SYSTEM_STARTUP] DETAILS[Terminal hacking environment initialized]
[2025-03-24 05:18:11] EVENT[DIRECTORY_CHANGE] DETAILS[Changed from /home to /home/test_dir]
[2025-03-24 05:18:11] EVENT[DIRECTORY_CHANGE] DETAILS[Changed from /home/test_dir to /home]
[2025-03-24 05:18:11] EVENT[SYSTEM_STARTUP] DETAILS[Terminal hacking environment initialized]
[2025-03-24 05:18:11] EVENT[SYSTEM_STARTUP] DETAILS[Terminal hacking environment initialized]
[2025-03-24 05:18:12] EVENT[SYSTEM_STARTUP] DETAILS[Terminal hacking environment initialized]
[2025-03-24 05:18:12] EVENT[SYSTEM_STARTUP] DETAILS[Terminal hacking environment initialized]
[2025-03-24 05:18:12] EVENT[SYSTEM_STARTUP] DETAILS[Terminal hacking environment initialized]
[2025-03-24 05:19:44] EVENT[SYSTEM_STARTUP] DETAILS[Terminal hacking environment initialized]
[2025-03-24 05:19:44] EVENT[SYSTEM_STARTUP] DETAILS[Terminal hacking environment initialized]
[2025-03-24 05:19:44] EVENT[SYSTEM_STARTUP] DETAILS[Terminal hacking environment initialized]
[2025-03-24 05:19:44] EVENT[SYSTEM_STARTUP] DETAILS[Terminal hacking environment initialized]
[2025-03-24 05:19:44] EVENT[SYSTEM_STARTUP] DETAILS[Terminal hacking environment initialized]
[2025-03-24 05:19:44] EVENT[DIRECTORY_CHANGE] DETAILS[Changed from /home to /home/test_dir]
[2025-03-24 05:19:44] EVENT[DIRECTORY_CHANGE] DETAILS[Changed from /home/test_dir to /home]
[2025-03-24 05:19:44] EVENT[SYSTEM_STARTUP] DETAILS[Terminal hacking environment initialized]
[2025-03-24 05:19:44] EVENT[SYSTEM_STARTUP] DETAILS[Terminal hacking environment initialized]
[2025-03-24 05:19:44] EVENT[SYSTEM_STARTUP] DETAILS[Terminal hacking environment initialized]
[2025-03-24 05:19:44] EVENT[SYSTEM_STARTUP] DETAILS[Terminal hacking environment initialized]
[2025-03-24 05:19:46] EVENT[SYSTEM_STARTUP] DETAILS[Terminal hacking environment initialized]
[2025-03-24 05:35:36] EVENT[SYSTEM_STARTUP] DETAILS[Terminal hacking environment initialized]
[2025-03-24 05:35:36] EVENT[SESSION_START] DETAILS[User root started a new terminal session]
[2025-03-24 05:38:28] EVENT[DIRECTORY_CHANGE] DETAILS[Changed from /home to /]
[2025-03-24 05:38:32] EVENT[DIRECTORY_CHANGE] DETAILS[Changed from / to /var]
[2025-03-24 05:38:37] EVENT[DIRECTORY_CHANGE] DETAILS[Changed from /var to /var/log]
[2025-03-24 05:39:26] EVENT[DIRECTORY_CHANGE] DETAILS[Changed from /var/log to /var]
[2025-03-24 05:39:29] EVENT[DIRECTORY_CHANGE] DETAILS[Changed from /var to /]
[2025-03-24 05:45:58] EVENT[DIRECTORY_CHANGE] DETAILS[Changed from / to /bin]
[2025-03-24 05:46:16] EVENT[DIRECTORY_CHANGE] DETAILS[Changed from /bin to /bin/cool]
[2025-03-24 05:50:24] EVENT[DIRECTORY_CHANGE] DETAILS[Changed from /bin/cool to /bin]
[2025-03-24 05:50:44] EVENT[SESSION_END] DETAILS[User root ended the terminal session]
[2025-03-24 05:50:47] EVENT[SYSTEM_STARTUP] DETAILS[Terminal hacking environment initialized]
[2025-03-24 05:50:47] EVENT[SESSION_START] DETAILS[User root started a new terminal session]
[2025-03-24 05:54:46] EVENT[KEYBOARD_INTERRUPT] DETAILS[User interrupted the command input with Ctrl+C]
